#
# There is insufficient memory for the Java Runtime Environment to continue.
# Native memory allocation (malloc) failed to allocate 1139776 bytes. Error detail: Chunk::new
# Possible reasons:
#   The system is out of physical RAM or swap space
#   This process is running with CompressedOops enabled, and the Java Heap may be blocking the growth of the native heap
# Possible solutions:
#   Reduce memory load on the system
#   Increase physical memory or swap space
#   Check if swap backing store is full
#   Decrease Java heap size (-Xmx/-Xms)
#   Decrease number of Java threads
#   Decrease Java thread stack sizes (-Xss)
#   Set larger code cache with -XX:ReservedCodeCacheSize=
#   JVM is running with Unscaled Compressed Oops mode in which the Java heap is
#     placed in the first 4GB address space. The Java Heap base address is the
#     maximum limit for the native heap growth. Please use -XX:HeapBaseMinAddress
#     to set the Java Heap base and to place the Java Heap above 4GB virtual address.
# This output file may be truncated or incomplete.
#
#  Out of Memory Error (arena.cpp:168), pid=43460, tid=39628
#
# JRE version: OpenJDK Runtime Environment Temurin-21.0.8+9 (21.0.8+9) (build 21.0.8+9-LTS)
# Java VM: OpenJDK 64-Bit Server VM Temurin-21.0.8+9 (21.0.8+9-LTS, mixed mode, sharing, tiered, compressed oops, compressed class ptrs, parallel gc, windows-amd64)
# No core dump will be written. Minidumps are not enabled by default on client versions of Windows
#

---------------  S U M M A R Y ------------

Command Line: --add-modules=ALL-SYSTEM --add-opens=java.base/java.util=ALL-UNNAMED --add-opens=java.base/java.lang=ALL-UNNAMED --add-opens=java.base/sun.nio.fs=ALL-UNNAMED -Declipse.application=org.eclipse.jdt.ls.core.id1 -Dosgi.bundles.defaultStartLevel=4 -Declipse.product=org.eclipse.jdt.ls.core.product -Djava.import.generatesMetadataFilesAtProjectRoot=false -DDetectVMInstallationsJob.disabled=true -Dfile.encoding=utf8 -XX:+UseParallelGC -XX:GCTimeRatio=4 -XX:AdaptiveSizePolicyWeight=90 -Dsun.zip.disableMemoryMapping=true -Xmx2G -Xms100m -Xlog:disable -javaagent:c:\Users\phaml\.cursor\extensions\redhat.java-1.45.0-win32-x64\lombok\lombok-1.18.39-4050.jar -XX:+HeapDumpOnOutOfMemoryError -XX:HeapDumpPath=c:\Users\phaml\AppData\Roaming\Cursor\User\workspaceStorage\862c0be3ef209b57959c4ac46b03a392\redhat.java -Daether.dependencyCollector.impl=bf c:\Users\phaml\.cursor\extensions\redhat.java-1.45.0-win32-x64\server\plugins\org.eclipse.equinox.launcher_1.7.0.v20250519-0528.jar -configuration c:\Users\phaml\AppData\Roaming\Cursor\User\globalStorage\redhat.java\1.45.0\config_win -data c:\Users\phaml\AppData\Roaming\Cursor\User\workspaceStorage\862c0be3ef209b57959c4ac46b03a392\redhat.java\jdt_ws --pipe=\\.\pipe\lsp-3f3e9cc8dc18e8b695c81f5f7fefb8ff-sock

Host: 11th Gen Intel(R) Core(TM) i5-1135G7 @ 2.40GHz, 8 cores, 23G,  Windows 11 , 64 bit Build 26100 (10.0.26100.6690)
Time: Tue Sep 30 08:30:33 2025 SE Asia Standard Time elapsed time: 36919.676402 seconds (0d 10h 15m 19s)

---------------  T H R E A D  ---------------

Current thread (0x00000225ef6fa950):  JavaThread "C2 CompilerThread0" daemon [_thread_in_native, id=39628, stack(0x000000fe4d100000,0x000000fe4d200000) (1024K)]


Current CompileTask:
C2:36919676 28156   !   4       org.eclipse.jdt.internal.compiler.lookup.BinaryTypeBinding::cachePartsFrom2 (1933 bytes)

Stack: [0x000000fe4d100000,0x000000fe4d200000]
Native frames: (J=compiled Java code, j=interpreted, Vv=VM code, C=native code)
V  [jvm.dll+0x6d2449]
V  [jvm.dll+0x8ae341]
V  [jvm.dll+0x8b08be]
V  [jvm.dll+0x8b0fa3]
V  [jvm.dll+0x280c96]
V  [jvm.dll+0xc581d]
V  [jvm.dll+0xc5d53]
V  [jvm.dll+0x2f539d]
V  [jvm.dll+0x5fa00a]
V  [jvm.dll+0x252092]
V  [jvm.dll+0x25244f]
V  [jvm.dll+0x24ad14]
V  [jvm.dll+0x2483a4]
V  [jvm.dll+0x1c89ee]
V  [jvm.dll+0x257d4d]
V  [jvm.dll+0x2562ea]
V  [jvm.dll+0x3f2d16]
V  [jvm.dll+0x857e6b]
V  [jvm.dll+0x6d0b0d]
C  [ucrtbase.dll+0x37b0]
C  [KERNEL32.DLL+0x2e8d7]
C  [ntdll.dll+0x8c53c]


---------------  P R O C E S S  ---------------

Threads class SMR info:
_java_thread_list=0x00000225fefae7a0, length=46, elements={
0x00000225ef782740, 0x00000225ef6e9f80, 0x00000225ef6ea9d0, 0x00000225ef6f25f0,
0x00000225ef6f4660, 0x00000225ef6f70c0, 0x00000225ef6f7b10, 0x00000225ef6fa950,
0x00000225f89e5700, 0x00000225f8a64b40, 0x00000225f8c23e00, 0x00000225fd4e03f0,
0x00000225fda0b470, 0x00000225fd97bf50, 0x00000225f8b641a0, 0x00000225fd7d87d0,
0x00000225fd928920, 0x00000225fd189910, 0x00000225fd18a630, 0x00000225fd18b9e0,
0x00000225ff4c3810, 0x00000225ff4c4530, 0x00000225ff4c58e0, 0x00000225ff4c3ea0,
0x00000225ff4c5f70, 0x00000225ff4c2af0, 0x00000225ff4c6600, 0x00000225ff4c3180,
0x00000225ff4c93f0, 0x00000225ff4c79b0, 0x00000225ff4c86d0, 0x00000225ff4c8040,
0x00000225de3f4970, 0x00000225de3f14f0, 0x00000225de3f70d0, 0x00000225de3f42e0,
0x00000225de3f7df0, 0x00000225fe23cad0, 0x00000225fe23e510, 0x00000225fe23b090,
0x00000225fe23b720, 0x00000225ff4c7320, 0x00000225de3f5000, 0x00000225de3f2f30,
0x00000225de3f5690, 0x00000225fd188bf0
}

Java Threads: ( => current thread )
  0x00000225ef782740 JavaThread "main"                              [_thread_blocked, id=18144, stack(0x000000fe4c700000,0x000000fe4c800000) (1024K)]
  0x00000225ef6e9f80 JavaThread "Reference Handler"          daemon [_thread_blocked, id=48888, stack(0x000000fe4cb00000,0x000000fe4cc00000) (1024K)]
  0x00000225ef6ea9d0 JavaThread "Finalizer"                  daemon [_thread_blocked, id=9348, stack(0x000000fe4cc00000,0x000000fe4cd00000) (1024K)]
  0x00000225ef6f25f0 JavaThread "Signal Dispatcher"          daemon [_thread_blocked, id=46100, stack(0x000000fe4cd00000,0x000000fe4ce00000) (1024K)]
  0x00000225ef6f4660 JavaThread "Attach Listener"            daemon [_thread_blocked, id=36844, stack(0x000000fe4ce00000,0x000000fe4cf00000) (1024K)]
  0x00000225ef6f70c0 JavaThread "Service Thread"             daemon [_thread_blocked, id=48024, stack(0x000000fe4cf00000,0x000000fe4d000000) (1024K)]
  0x00000225ef6f7b10 JavaThread "Monitor Deflation Thread"   daemon [_thread_blocked, id=48004, stack(0x000000fe4d000000,0x000000fe4d100000) (1024K)]
=>0x00000225ef6fa950 JavaThread "C2 CompilerThread0"         daemon [_thread_in_native, id=39628, stack(0x000000fe4d100000,0x000000fe4d200000) (1024K)]
  0x00000225f89e5700 JavaThread "C1 CompilerThread0"         daemon [_thread_blocked, id=50032, stack(0x000000fe4d200000,0x000000fe4d300000) (1024K)]
  0x00000225f8a64b40 JavaThread "Common-Cleaner"             daemon [_thread_blocked, id=23920, stack(0x000000fe4d300000,0x000000fe4d400000) (1024K)]
  0x00000225f8c23e00 JavaThread "Notification Thread"        daemon [_thread_blocked, id=48404, stack(0x000000fe4d400000,0x000000fe4d500000) (1024K)]
  0x00000225fd4e03f0 JavaThread "Active Thread: Equinox Container: 28374b8c-b0f8-4a0c-b818-455843912b79"        [_thread_blocked, id=44948, stack(0x000000fe4dd00000,0x000000fe4de00000) (1024K)]
  0x00000225fda0b470 JavaThread "Refresh Thread: Equinox Container: 28374b8c-b0f8-4a0c-b818-455843912b79" daemon [_thread_blocked, id=7264, stack(0x000000fe4d500000,0x000000fe4d600000) (1024K)]
  0x00000225fd97bf50 JavaThread "Framework Event Dispatcher: Equinox Container: 28374b8c-b0f8-4a0c-b818-455843912b79" daemon [_thread_blocked, id=10152, stack(0x000000fe4de00000,0x000000fe4df00000) (1024K)]
  0x00000225f8b641a0 JavaThread "Start Level: Equinox Container: 28374b8c-b0f8-4a0c-b818-455843912b79" daemon [_thread_blocked, id=47212, stack(0x000000fe4df00000,0x000000fe4e000000) (1024K)]
  0x00000225fd7d87d0 JavaThread "Bundle File Closer"         daemon [_thread_blocked, id=45484, stack(0x000000fe4e000000,0x000000fe4e100000) (1024K)]
  0x00000225fd928920 JavaThread "SCR Component Actor"        daemon [_thread_blocked, id=42564, stack(0x000000fe4c500000,0x000000fe4c600000) (1024K)]
  0x00000225fd189910 JavaThread "Worker-JM"                         [_thread_blocked, id=38416, stack(0x000000fe4e200000,0x000000fe4e300000) (1024K)]
  0x00000225fd18a630 JavaThread "JNA Cleaner"                daemon [_thread_blocked, id=20772, stack(0x000000fe4e400000,0x000000fe4e500000) (1024K)]
  0x00000225fd18b9e0 JavaThread "Java indexing"              daemon [_thread_blocked, id=12532, stack(0x000000fe4e800000,0x000000fe4e900000) (1024K)]
  0x00000225ff4c3810 JavaThread "Thread-2"                   daemon [_thread_in_native, id=34040, stack(0x000000fe4ec00000,0x000000fe4ed00000) (1024K)]
  0x00000225ff4c4530 JavaThread "Thread-3"                   daemon [_thread_in_native, id=49136, stack(0x000000fe4ed00000,0x000000fe4ee00000) (1024K)]
  0x00000225ff4c58e0 JavaThread "Thread-4"                   daemon [_thread_in_native, id=35476, stack(0x000000fe4ee00000,0x000000fe4ef00000) (1024K)]
  0x00000225ff4c3ea0 JavaThread "Thread-5"                   daemon [_thread_in_native, id=7692, stack(0x000000fe4ef00000,0x000000fe4f000000) (1024K)]
  0x00000225ff4c5f70 JavaThread "Thread-6"                   daemon [_thread_in_native, id=21628, stack(0x000000fe4f000000,0x000000fe4f100000) (1024K)]
  0x00000225ff4c2af0 JavaThread "Thread-7"                   daemon [_thread_in_native, id=42912, stack(0x000000fe4f100000,0x000000fe4f200000) (1024K)]
  0x00000225ff4c6600 JavaThread "Thread-8"                   daemon [_thread_in_native, id=30496, stack(0x000000fe4f200000,0x000000fe4f300000) (1024K)]
  0x00000225ff4c3180 JavaThread "Thread-9"                   daemon [_thread_in_native, id=46532, stack(0x000000fe4f300000,0x000000fe4f400000) (1024K)]
  0x00000225ff4c93f0 JavaThread "Thread-10"                  daemon [_thread_in_native, id=44960, stack(0x000000fe4f400000,0x000000fe4f500000) (1024K)]
  0x00000225ff4c79b0 JavaThread "pool-2-thread-1"                   [_thread_blocked, id=32360, stack(0x000000fe4f500000,0x000000fe4f600000) (1024K)]
  0x00000225ff4c86d0 JavaThread "WorkspaceEventsHandler"            [_thread_blocked, id=49464, stack(0x000000fe4f600000,0x000000fe4f700000) (1024K)]
  0x00000225ff4c8040 JavaThread "pool-1-thread-1"                   [_thread_blocked, id=47884, stack(0x000000fe4f700000,0x000000fe4f800000) (1024K)]
  0x00000225de3f4970 JavaThread "ForkJoinPool.commonPool-worker-96" daemon [_thread_blocked, id=33424, stack(0x000000fe4e300000,0x000000fe4e400000) (1024K)]
  0x00000225de3f14f0 JavaThread "Compiler Source File Reader" daemon [_thread_blocked, id=52640, stack(0x000000fe4e600000,0x000000fe4e700000) (1024K)]
  0x00000225de3f70d0 JavaThread "Worker-37: Building"               [_thread_blocked, id=46788, stack(0x000000fe4e700000,0x000000fe4e800000) (1024K)]
  0x00000225de3f42e0 JavaThread "ForkJoinPool.commonPool-worker-101" daemon [_thread_blocked, id=48452, stack(0x000000fe4e900000,0x000000fe4ea00000) (1024K)]
  0x00000225de3f7df0 JavaThread "ForkJoinPool.commonPool-worker-102" daemon [_thread_blocked, id=54540, stack(0x000000fe4eb00000,0x000000fe4ec00000) (1024K)]
  0x00000225fe23cad0 JavaThread "ForkJoinPool.commonPool-worker-104" daemon [_thread_blocked, id=53624, stack(0x000000fe4c400000,0x000000fe4c500000) (1024K)]
  0x00000225fe23e510 JavaThread "ForkJoinPool.commonPool-worker-105" daemon [_thread_blocked, id=55364, stack(0x000000fe4c600000,0x000000fe4c700000) (1024K)]
  0x00000225fe23b090 JavaThread "ForkJoinPool.commonPool-worker-103" daemon [_thread_blocked, id=52432, stack(0x000000fe4ea00000,0x000000fe4eb00000) (1024K)]
  0x00000225fe23b720 JavaThread "Compiler Source File Reader" daemon [_thread_blocked, id=52776, stack(0x000000fe4f800000,0x000000fe4f900000) (1024K)]
  0x00000225ff4c7320 JavaThread "Compiler Source File Reader" daemon [_thread_blocked, id=5400, stack(0x000000fe4fd00000,0x000000fe4fe00000) (1024K)]
  0x00000225de3f5000 JavaThread "Compiler Source File Reader" daemon [_thread_blocked, id=33700, stack(0x000000fe4fc00000,0x000000fe4fd00000) (1024K)]
  0x00000225de3f2f30 JavaThread "Compiler Source File Reader" daemon [_thread_blocked, id=56108, stack(0x000000fe4fe00000,0x000000fe4ff00000) (1024K)]
  0x00000225de3f5690 JavaThread "Compiler Source File Reader" daemon [_thread_blocked, id=51628, stack(0x000000fe4ff00000,0x000000fe50000000) (1024K)]
  0x00000225fd188bf0 JavaThread "Worker-40"                         [_thread_blocked, id=32512, stack(0x000000fe50000000,0x000000fe50100000) (1024K)]
Total: 46

Other Threads:
  0x00000225ef6e3ac0 VMThread "VM Thread"                           [id=41912, stack(0x000000fe4ca00000,0x000000fe4cb00000) (1024K)]
  0x00000225ef7e8550 WatcherThread "VM Periodic Task Thread"        [id=46336, stack(0x000000fe4c900000,0x000000fe4ca00000) (1024K)]
  0x00000225ef79af60 WorkerThread "GC Thread#0"                     [id=49708, stack(0x000000fe4c800000,0x000000fe4c900000) (1024K)]
  0x00000225fd82d840 WorkerThread "GC Thread#1"                     [id=17832, stack(0x000000fe4d700000,0x000000fe4d800000) (1024K)]
  0x00000225f8d1d6a0 WorkerThread "GC Thread#2"                     [id=37028, stack(0x000000fe4d800000,0x000000fe4d900000) (1024K)]
  0x00000225f8d1da40 WorkerThread "GC Thread#3"                     [id=27640, stack(0x000000fe4d900000,0x000000fe4da00000) (1024K)]
  0x00000225fd1193b0 WorkerThread "GC Thread#4"                     [id=10580, stack(0x000000fe4da00000,0x000000fe4db00000) (1024K)]
  0x00000225fd119750 WorkerThread "GC Thread#5"                     [id=47048, stack(0x000000fe4db00000,0x000000fe4dc00000) (1024K)]
  0x00000225fd119af0 WorkerThread "GC Thread#6"                     [id=8788, stack(0x000000fe4dc00000,0x000000fe4dd00000) (1024K)]
  0x00000225fd677df0 WorkerThread "GC Thread#7"                     [id=43272, stack(0x000000fe4d600000,0x000000fe4d700000) (1024K)]
Total: 10

Threads with active compile tasks:
C2 CompilerThread0  36919722 28156   !   4       org.eclipse.jdt.internal.compiler.lookup.BinaryTypeBinding::cachePartsFrom2 (1933 bytes)
Total: 1

VM state: at safepoint (normal execution)

VM Mutex/Monitor currently owned by a thread:  ([mutex/lock_event])
[0x00007ff801955458] Threads_lock - owner thread: 0x00000225ef6e3ac0
[0x00007ff801955558] Heap_lock - owner thread: 0x00000225fe23b090
[0x00007ff8019559d8] PSOldGenExpand_lock - owner thread: 0x00000225fd119750

Heap address: 0x0000000080000000, size: 2048 MB, Compressed Oops mode: 32-bit

CDS archive(s) mapped at: [0x000002258f000000-0x000002258fba0000-0x000002258fba0000), size 12189696, SharedBaseAddress: 0x000002258f000000, ArchiveRelocationMode: 1.
Compressed class space mapped at: 0x0000022590000000-0x00000225d0000000, reserved size: 1073741824
Narrow klass base: 0x000002258f000000, Narrow klass shift: 0, Narrow klass range: 0x100000000

GC Precious Log:
 CardTable entry size: 512
 CPUs: 8 total, 8 available
 Memory: 24375M
 Large Page Support: Disabled
 NUMA Support: Disabled
 Compressed Oops: Enabled (32-bit)
 Alignments: Space 512K, Generation 512K, Heap 2M
 Heap Min Capacity: 100M
 Heap Initial Capacity: 100M
 Heap Max Capacity: 2G
 Pre-touch: Disabled
 Parallel Workers: 8

Heap:
 PSYoungGen      total 7168K, used 6872K [0x00000000d5580000, 0x00000000d6100000, 0x0000000100000000)
  eden space 5632K, 100% used [0x00000000d5580000,0x00000000d5b00000,0x00000000d5b00000)
  from space 1536K, 80% used [0x00000000d5e80000,0x00000000d5fb6090,0x00000000d6000000)
  to   space 1024K, 59% used [0x00000000d6000000,0x00000000d6098020,0x00000000d6100000)
 ParOldGen       total 1162240K, used 1162238K [0x0000000080000000, 0x00000000c6f00000, 0x00000000d5580000)
  object space 1162240K, 99% used [0x0000000080000000,0x00000000c6eff9b8,0x00000000c6f00000)
 Metaspace       used 92755K, committed 94336K, reserved 1179648K
  class space    used 9206K, committed 9920K, reserved 1048576K

Card table byte_map: [0x00000225ef110000,0x00000225ef520000] _byte_map_base: 0x00000225eed10000

Marking Bits: (ParMarkBitMap*) 0x00007ff80195a340
 Begin Bits: [0x00000225f2c10000, 0x00000225f4c10000)
 End Bits:   [0x00000225f4c10000, 0x00000225f6c10000)

Polling page: 0x00000225ed5c0000

Metaspace:

Usage:
  Non-class:     81.59 MB used.
      Class:      8.99 MB used.
       Both:     90.58 MB used.

Virtual space:
  Non-class space:      128.00 MB reserved,      82.44 MB ( 64%) committed,  2 nodes.
      Class space:        1.00 GB reserved,       9.69 MB ( <1%) committed,  1 nodes.
             Both:        1.12 GB reserved,      92.12 MB (  8%) committed. 

Chunk freelists:
   Non-Class:  12.69 MB
       Class:  6.25 MB
        Both:  18.94 MB

MaxMetaspaceSize: unlimited
CompressedClassSpaceSize: 1.00 GB
Initial GC threshold: 21.00 MB
Current GC threshold: 152.19 MB
CDS: on
 - commit_granule_bytes: 65536.
 - commit_granule_words: 8192.
 - virtual_space_node_default_size: 8388608.
 - enlarge_chunks_in_place: 1.
 - use_allocation_guard: 0.


Internal statistics:

num_allocs_failed_limit: 13.
num_arena_births: 1934.
num_arena_deaths: 548.
num_vsnodes_births: 3.
num_vsnodes_deaths: 0.
num_space_committed: 1474.
num_space_uncommitted: 0.
num_chunks_returned_to_freelist: 672.
num_chunks_taken_from_freelist: 6825.
num_chunk_merges: 172.
num_chunk_splits: 3823.
num_chunks_enlarged: 2057.
num_inconsistent_stats: 0.

CodeHeap 'non-profiled nmethods': size=120000Kb used=21776Kb max_used=22056Kb free=98223Kb
 bounds [0x0000022587ad0000, 0x0000022589060000, 0x000002258f000000]
CodeHeap 'profiled nmethods': size=120000Kb used=30787Kb max_used=50572Kb free=89212Kb
 bounds [0x0000022580000000, 0x0000022583170000, 0x0000022587530000]
CodeHeap 'non-nmethods': size=5760Kb used=1527Kb max_used=1638Kb free=4232Kb
 bounds [0x0000022587530000, 0x00000225877a0000, 0x0000022587ad0000]
CodeCache: size=245760Kb, used=54090Kb, max_used=74266Kb, free=191667Kb
 total_blobs=14719, nmethods=13882, adapters=735, full_count=0
Compilation: enabled, stopped_count=0, restarted_count=0

Compilation events (20 events):
Event: 36917.676 Thread 0x00000225ef6fa950 nmethod 28148 0x0000022588061690 code [0x0000022588061820, 0x00000225880618d0]
Event: 36917.838 Thread 0x00000225ef6fa950 28149       4       org.eclipse.jdt.internal.compiler.lookup.CompilationUnitScope::module (67 bytes)
Event: 36917.853 Thread 0x00000225ef6fa950 nmethod 28149 0x0000022588060b10 code [0x0000022588060ce0, 0x00000225880612f0]
Event: 36917.862 Thread 0x00000225ef6fa950 28150   !   4       org.eclipse.jdt.internal.compiler.lookup.BinaryTypeBinding::hasValueBasedTypeAnnotation (108 bytes)
Event: 36917.869 Thread 0x00000225ef6fa950 nmethod 28150 0x0000022588060210 code [0x00000225880603e0, 0x0000022588060808]
Event: 36917.918 Thread 0x00000225ef6fa950 28151       4       org.eclipse.jdt.internal.compiler.parser.Parser::consumeStatementReturn (102 bytes)
Event: 36917.929 Thread 0x00000225ef6fa950 nmethod 28151 0x000002258805f490 code [0x000002258805f680, 0x000002258805fdc8]
Event: 36917.998 Thread 0x00000225f89e5700 28152       3       java.util.stream.DistinctOps$1$2::accept (24 bytes)
Event: 36917.999 Thread 0x00000225f89e5700 nmethod 28152 0x0000022583128610 code [0x00000225831287e0, 0x0000022583128ac8]
Event: 36918.319 Thread 0x00000225ef6fa950 28153       4       org.eclipse.core.internal.content.ContentTypeHandler::getTarget (76 bytes)
Event: 36918.323 Thread 0x00000225ef6fa950 nmethod 28153 0x000002258805ed90 code [0x000002258805ef40, 0x000002258805f278]
Event: 36918.339 Thread 0x00000225ef6fa950 28154       4       org.eclipse.jdt.internal.compiler.lookup.SourceTypeBinding::setPermittedTypes (88 bytes)
Event: 36918.341 Thread 0x00000225ef6fa950 nmethod 28154 0x000002258805ea10 code [0x000002258805eba0, 0x000002258805ecb0]
Event: 36918.384 Thread 0x00000225ef6fa950 28155       4       org.eclipse.jdt.internal.compiler.ast.TypeDeclaration::addClinit (100 bytes)
Event: 36918.397 Thread 0x00000225ef6fa950 nmethod 28155 0x000002258805e110 code [0x000002258805e2c0, 0x000002258805e828]
Event: 36918.431 Thread 0x00000225ef6fa950 28156   !   4       org.eclipse.jdt.internal.compiler.lookup.BinaryTypeBinding::cachePartsFrom2 (1933 bytes)
Event: 36918.446 Thread 0x00000225f89e5700 28157       3       org.eclipse.jdt.internal.compiler.ast.ThrowStatement::analyseCode (49 bytes)
Event: 36918.447 Thread 0x00000225f89e5700 nmethod 28157 0x00000225822a7290 code [0x00000225822a7480, 0x00000225822a79c8]
Event: 36918.557 Thread 0x00000225f89e5700 28158       1       org.eclipse.jdt.core.dom.PackageDeclaration::getNodeType0 (3 bytes)
Event: 36918.558 Thread 0x00000225f89e5700 nmethod 28158 0x000002258805de10 code [0x000002258805dfa0, 0x000002258805e068]

GC Heap History (20 events):
Event: 36917.486 GC heap after
{Heap after GC invocations=5047 (full 11):
 PSYoungGen      total 6144K, used 308K [0x00000000d5580000, 0x00000000d6280000, 0x0000000100000000)
  eden space 5632K, 0% used [0x00000000d5580000,0x00000000d5580000,0x00000000d5b00000)
  from space 512K, 60% used [0x00000000d6200000,0x00000000d624d220,0x00000000d6280000)
  to   space 512K, 0% used [0x00000000d6180000,0x00000000d6180000,0x00000000d6200000)
 ParOldGen       total 1155584K, used 1155366K [0x0000000080000000, 0x00000000c6880000, 0x00000000d5580000)
  object space 1155584K, 99% used [0x0000000080000000,0x00000000c6849980,0x00000000c6880000)
 Metaspace       used 92747K, committed 94336K, reserved 1179648K
  class space    used 9206K, committed 9920K, reserved 1048576K
}
Event: 36917.750 GC heap before
{Heap before GC invocations=5048 (full 11):
 PSYoungGen      total 6144K, used 5940K [0x00000000d5580000, 0x00000000d6280000, 0x0000000100000000)
  eden space 5632K, 100% used [0x00000000d5580000,0x00000000d5b00000,0x00000000d5b00000)
  from space 512K, 60% used [0x00000000d6200000,0x00000000d624d220,0x00000000d6280000)
  to   space 512K, 0% used [0x00000000d6180000,0x00000000d6180000,0x00000000d6200000)
 ParOldGen       total 1155584K, used 1155366K [0x0000000080000000, 0x00000000c6880000, 0x00000000d5580000)
  object space 1155584K, 99% used [0x0000000080000000,0x00000000c6849980,0x00000000c6880000)
 Metaspace       used 92753K, committed 94336K, reserved 1179648K
  class space    used 9206K, committed 9920K, reserved 1048576K
}
Event: 36917.753 GC heap after
{Heap after GC invocations=5048 (full 11):
 PSYoungGen      total 6144K, used 508K [0x00000000d5580000, 0x00000000d6280000, 0x0000000100000000)
  eden space 5632K, 0% used [0x00000000d5580000,0x00000000d5580000,0x00000000d5b00000)
  from space 512K, 99% used [0x00000000d6180000,0x00000000d61ff228,0x00000000d6200000)
  to   space 512K, 0% used [0x00000000d6200000,0x00000000d6200000,0x00000000d6280000)
 ParOldGen       total 1156096K, used 1155657K [0x0000000080000000, 0x00000000c6900000, 0x00000000d5580000)
  object space 1156096K, 99% used [0x0000000080000000,0x00000000c68924e0,0x00000000c6900000)
 Metaspace       used 92753K, committed 94336K, reserved 1179648K
  class space    used 9206K, committed 9920K, reserved 1048576K
}
Event: 36918.030 GC heap before
{Heap before GC invocations=5049 (full 11):
 PSYoungGen      total 6144K, used 6140K [0x00000000d5580000, 0x00000000d6280000, 0x0000000100000000)
  eden space 5632K, 100% used [0x00000000d5580000,0x00000000d5b00000,0x00000000d5b00000)
  from space 512K, 99% used [0x00000000d6180000,0x00000000d61ff228,0x00000000d6200000)
  to   space 512K, 0% used [0x00000000d6200000,0x00000000d6200000,0x00000000d6280000)
 ParOldGen       total 1156096K, used 1155657K [0x0000000080000000, 0x00000000c6900000, 0x00000000d5580000)
  object space 1156096K, 99% used [0x0000000080000000,0x00000000c68924e0,0x00000000c6900000)
 Metaspace       used 92753K, committed 94336K, reserved 1179648K
  class space    used 9206K, committed 9920K, reserved 1048576K
}
Event: 36918.035 GC heap after
{Heap after GC invocations=5049 (full 11):
 PSYoungGen      total 6144K, used 505K [0x00000000d5580000, 0x00000000d6280000, 0x0000000100000000)
  eden space 5632K, 0% used [0x00000000d5580000,0x00000000d5580000,0x00000000d5b00000)
  from space 512K, 98% used [0x00000000d6200000,0x00000000d627e570,0x00000000d6280000)
  to   space 2048K, 0% used [0x00000000d5e80000,0x00000000d5e80000,0x00000000d6080000)
 ParOldGen       total 1156608K, used 1156586K [0x0000000080000000, 0x00000000c6980000, 0x00000000d5580000)
  object space 1156608K, 99% used [0x0000000080000000,0x00000000c697aa18,0x00000000c6980000)
 Metaspace       used 92753K, committed 94336K, reserved 1179648K
  class space    used 9206K, committed 9920K, reserved 1048576K
}
Event: 36918.081 GC heap before
{Heap before GC invocations=5050 (full 11):
 PSYoungGen      total 6144K, used 6137K [0x00000000d5580000, 0x00000000d6280000, 0x0000000100000000)
  eden space 5632K, 100% used [0x00000000d5580000,0x00000000d5b00000,0x00000000d5b00000)
  from space 512K, 98% used [0x00000000d6200000,0x00000000d627e570,0x00000000d6280000)
  to   space 2048K, 0% used [0x00000000d5e80000,0x00000000d5e80000,0x00000000d6080000)
 ParOldGen       total 1156608K, used 1156586K [0x0000000080000000, 0x00000000c6980000, 0x00000000d5580000)
  object space 1156608K, 99% used [0x0000000080000000,0x00000000c697aa18,0x00000000c6980000)
 Metaspace       used 92753K, committed 94336K, reserved 1179648K
  class space    used 9206K, committed 9920K, reserved 1048576K
}
Event: 36918.085 GC heap after
{Heap after GC invocations=5050 (full 11):
 PSYoungGen      total 7680K, used 1425K [0x00000000d5580000, 0x00000000d6280000, 0x0000000100000000)
  eden space 5632K, 0% used [0x00000000d5580000,0x00000000d5580000,0x00000000d5b00000)
  from space 2048K, 69% used [0x00000000d5e80000,0x00000000d5fe4500,0x00000000d6080000)
  to   space 1536K, 0% used [0x00000000d6100000,0x00000000d6100000,0x00000000d6280000)
 ParOldGen       total 1157632K, used 1157122K [0x0000000080000000, 0x00000000c6a80000, 0x00000000d5580000)
  object space 1157632K, 99% used [0x0000000080000000,0x00000000c6a00a08,0x00000000c6a80000)
 Metaspace       used 92753K, committed 94336K, reserved 1179648K
  class space    used 9206K, committed 9920K, reserved 1048576K
}
Event: 36918.184 GC heap before
{Heap before GC invocations=5051 (full 11):
 PSYoungGen      total 7680K, used 7057K [0x00000000d5580000, 0x00000000d6280000, 0x0000000100000000)
  eden space 5632K, 100% used [0x00000000d5580000,0x00000000d5b00000,0x00000000d5b00000)
  from space 2048K, 69% used [0x00000000d5e80000,0x00000000d5fe4500,0x00000000d6080000)
  to   space 1536K, 0% used [0x00000000d6100000,0x00000000d6100000,0x00000000d6280000)
 ParOldGen       total 1157632K, used 1157122K [0x0000000080000000, 0x00000000c6a80000, 0x00000000d5580000)
  object space 1157632K, 99% used [0x0000000080000000,0x00000000c6a00a08,0x00000000c6a80000)
 Metaspace       used 92753K, committed 94336K, reserved 1179648K
  class space    used 9206K, committed 9920K, reserved 1048576K
}
Event: 36918.188 GC heap after
{Heap after GC invocations=5051 (full 11):
 PSYoungGen      total 6656K, used 694K [0x00000000d5580000, 0x00000000d6200000, 0x0000000100000000)
  eden space 5632K, 0% used [0x00000000d5580000,0x00000000d5580000,0x00000000d5b00000)
  from space 1024K, 67% used [0x00000000d6100000,0x00000000d61ad8b0,0x00000000d6200000)
  to   space 1024K, 0% used [0x00000000d6000000,0x00000000d6000000,0x00000000d6100000)
 ParOldGen       total 1158656K, used 1158491K [0x0000000080000000, 0x00000000c6b80000, 0x00000000d5580000)
  object space 1158656K, 99% used [0x0000000080000000,0x00000000c6b56f38,0x00000000c6b80000)
 Metaspace       used 92753K, committed 94336K, reserved 1179648K
  class space    used 9206K, committed 9920K, reserved 1048576K
}
Event: 36918.310 GC heap before
{Heap before GC invocations=5052 (full 11):
 PSYoungGen      total 6656K, used 6326K [0x00000000d5580000, 0x00000000d6200000, 0x0000000100000000)
  eden space 5632K, 100% used [0x00000000d5580000,0x00000000d5b00000,0x00000000d5b00000)
  from space 1024K, 67% used [0x00000000d6100000,0x00000000d61ad8b0,0x00000000d6200000)
  to   space 1024K, 0% used [0x00000000d6000000,0x00000000d6000000,0x00000000d6100000)
 ParOldGen       total 1158656K, used 1158491K [0x0000000080000000, 0x00000000c6b80000, 0x00000000d5580000)
  object space 1158656K, 99% used [0x0000000080000000,0x00000000c6b56f38,0x00000000c6b80000)
 Metaspace       used 92753K, committed 94336K, reserved 1179648K
  class space    used 9206K, committed 9920K, reserved 1048576K
}
Event: 36918.314 GC heap after
{Heap after GC invocations=5052 (full 11):
 PSYoungGen      total 6656K, used 629K [0x00000000d5580000, 0x00000000d6180000, 0x0000000100000000)
  eden space 5632K, 0% used [0x00000000d5580000,0x00000000d5580000,0x00000000d5b00000)
  from space 1024K, 61% used [0x00000000d6000000,0x00000000d609d408,0x00000000d6100000)
  to   space 512K, 0% used [0x00000000d6100000,0x00000000d6100000,0x00000000d6180000)
 ParOldGen       total 1159168K, used 1159040K [0x0000000080000000, 0x00000000c6c00000, 0x00000000d5580000)
  object space 1159168K, 99% used [0x0000000080000000,0x00000000c6be01b0,0x00000000c6c00000)
 Metaspace       used 92753K, committed 94336K, reserved 1179648K
  class space    used 9206K, committed 9920K, reserved 1048576K
}
Event: 36918.372 GC heap before
{Heap before GC invocations=5053 (full 11):
 PSYoungGen      total 6656K, used 6261K [0x00000000d5580000, 0x00000000d6180000, 0x0000000100000000)
  eden space 5632K, 100% used [0x00000000d5580000,0x00000000d5b00000,0x00000000d5b00000)
  from space 1024K, 61% used [0x00000000d6000000,0x00000000d609d408,0x00000000d6100000)
  to   space 512K, 0% used [0x00000000d6100000,0x00000000d6100000,0x00000000d6180000)
 ParOldGen       total 1159168K, used 1159040K [0x0000000080000000, 0x00000000c6c00000, 0x00000000d5580000)
  object space 1159168K, 99% used [0x0000000080000000,0x00000000c6be01b0,0x00000000c6c00000)
 Metaspace       used 92753K, committed 94336K, reserved 1179648K
  class space    used 9206K, committed 9920K, reserved 1048576K
}
Event: 36918.378 GC heap after
{Heap after GC invocations=5053 (full 11):
 PSYoungGen      total 6144K, used 502K [0x00000000d5580000, 0x00000000d6180000, 0x0000000100000000)
  eden space 5632K, 0% used [0x00000000d5580000,0x00000000d5580000,0x00000000d5b00000)
  from space 512K, 98% used [0x00000000d6100000,0x00000000d617d948,0x00000000d6180000)
  to   space 2048K, 0% used [0x00000000d5d80000,0x00000000d5d80000,0x00000000d5f80000)
 ParOldGen       total 1160192K, used 1159986K [0x0000000080000000, 0x00000000c6d00000, 0x00000000d5580000)
  object space 1160192K, 99% used [0x0000000080000000,0x00000000c6ccca30,0x00000000c6d00000)
 Metaspace       used 92753K, committed 94336K, reserved 1179648K
  class space    used 9206K, committed 9920K, reserved 1048576K
}
Event: 36918.416 GC heap before
{Heap before GC invocations=5054 (full 11):
 PSYoungGen      total 6144K, used 6134K [0x00000000d5580000, 0x00000000d6180000, 0x0000000100000000)
  eden space 5632K, 100% used [0x00000000d5580000,0x00000000d5b00000,0x00000000d5b00000)
  from space 512K, 98% used [0x00000000d6100000,0x00000000d617d948,0x00000000d6180000)
  to   space 2048K, 0% used [0x00000000d5d80000,0x00000000d5d80000,0x00000000d5f80000)
 ParOldGen       total 1160192K, used 1159986K [0x0000000080000000, 0x00000000c6d00000, 0x00000000d5580000)
  object space 1160192K, 99% used [0x0000000080000000,0x00000000c6ccca30,0x00000000c6d00000)
 Metaspace       used 92753K, committed 94336K, reserved 1179648K
  class space    used 9206K, committed 9920K, reserved 1048576K
}
Event: 36918.420 GC heap after
{Heap after GC invocations=5054 (full 11):
 PSYoungGen      total 7680K, used 744K [0x00000000d5580000, 0x00000000d6180000, 0x0000000100000000)
  eden space 5632K, 0% used [0x00000000d5580000,0x00000000d5580000,0x00000000d5b00000)
  from space 2048K, 36% used [0x00000000d5d80000,0x00000000d5e3a2e0,0x00000000d5f80000)
  to   space 1024K, 0% used [0x00000000d6080000,0x00000000d6080000,0x00000000d6180000)
 ParOldGen       total 1160704K, used 1160527K [0x0000000080000000, 0x00000000c6d80000, 0x00000000d5580000)
  object space 1160704K, 99% used [0x0000000080000000,0x00000000c6d53eb0,0x00000000c6d80000)
 Metaspace       used 92753K, committed 94336K, reserved 1179648K
  class space    used 9206K, committed 9920K, reserved 1048576K
}
Event: 36918.527 GC heap before
{Heap before GC invocations=5055 (full 11):
 PSYoungGen      total 7680K, used 6376K [0x00000000d5580000, 0x00000000d6180000, 0x0000000100000000)
  eden space 5632K, 99% used [0x00000000d5580000,0x00000000d5afffc8,0x00000000d5b00000)
  from space 2048K, 36% used [0x00000000d5d80000,0x00000000d5e3a2e0,0x00000000d5f80000)
  to   space 1024K, 0% used [0x00000000d6080000,0x00000000d6080000,0x00000000d6180000)
 ParOldGen       total 1160704K, used 1160527K [0x0000000080000000, 0x00000000c6d80000, 0x00000000d5580000)
  object space 1160704K, 99% used [0x0000000080000000,0x00000000c6d53eb0,0x00000000c6d80000)
 Metaspace       used 92755K, committed 94336K, reserved 1179648K
  class space    used 9206K, committed 9920K, reserved 1048576K
}
Event: 36918.531 GC heap after
{Heap after GC invocations=5055 (full 11):
 PSYoungGen      total 6656K, used 1015K [0x00000000d5580000, 0x00000000d6180000, 0x0000000100000000)
  eden space 5632K, 0% used [0x00000000d5580000,0x00000000d5580000,0x00000000d5b00000)
  from space 1024K, 99% used [0x00000000d6080000,0x00000000d617de10,0x00000000d6180000)
  to   space 1536K, 0% used [0x00000000d5e80000,0x00000000d5e80000,0x00000000d6000000)
 ParOldGen       total 1161216K, used 1161183K [0x0000000080000000, 0x00000000c6e00000, 0x00000000d5580000)
  object space 1161216K, 99% used [0x0000000080000000,0x00000000c6df7cc0,0x00000000c6e00000)
 Metaspace       used 92755K, committed 94336K, reserved 1179648K
  class space    used 9206K, committed 9920K, reserved 1048576K
}
Event: 36918.627 GC heap before
{Heap before GC invocations=5056 (full 11):
 PSYoungGen      total 6656K, used 6647K [0x00000000d5580000, 0x00000000d6180000, 0x0000000100000000)
  eden space 5632K, 100% used [0x00000000d5580000,0x00000000d5b00000,0x00000000d5b00000)
  from space 1024K, 99% used [0x00000000d6080000,0x00000000d617de10,0x00000000d6180000)
  to   space 1536K, 0% used [0x00000000d5e80000,0x00000000d5e80000,0x00000000d6000000)
 ParOldGen       total 1161216K, used 1161183K [0x0000000080000000, 0x00000000c6e00000, 0x00000000d5580000)
  object space 1161216K, 99% used [0x0000000080000000,0x00000000c6df7cc0,0x00000000c6e00000)
 Metaspace       used 92755K, committed 94336K, reserved 1179648K
  class space    used 9206K, committed 9920K, reserved 1048576K
}
Event: 36918.631 GC heap after
{Heap after GC invocations=5056 (full 11):
 PSYoungGen      total 7168K, used 1240K [0x00000000d5580000, 0x00000000d6100000, 0x0000000100000000)
  eden space 5632K, 0% used [0x00000000d5580000,0x00000000d5580000,0x00000000d5b00000)
  from space 1536K, 80% used [0x00000000d5e80000,0x00000000d5fb6090,0x00000000d6000000)
  to   space 1024K, 0% used [0x00000000d6000000,0x00000000d6000000,0x00000000d6100000)
 ParOldGen       total 1162240K, used 1161974K [0x0000000080000000, 0x00000000c6f00000, 0x00000000d5580000)
  object space 1162240K, 99% used [0x0000000080000000,0x00000000c6ebd9b8,0x00000000c6f00000)
 Metaspace       used 92755K, committed 94336K, reserved 1179648K
  class space    used 9206K, committed 9920K, reserved 1048576K
}
Event: 36918.733 GC heap before
{Heap before GC invocations=5057 (full 11):
 PSYoungGen      total 7168K, used 6872K [0x00000000d5580000, 0x00000000d6100000, 0x0000000100000000)
  eden space 5632K, 100% used [0x00000000d5580000,0x00000000d5b00000,0x00000000d5b00000)
  from space 1536K, 80% used [0x00000000d5e80000,0x00000000d5fb6090,0x00000000d6000000)
  to   space 1024K, 0% used [0x00000000d6000000,0x00000000d6000000,0x00000000d6100000)
 ParOldGen       total 1162240K, used 1161974K [0x0000000080000000, 0x00000000c6f00000, 0x00000000d5580000)
  object space 1162240K, 99% used [0x0000000080000000,0x00000000c6ebd9b8,0x00000000c6f00000)
 Metaspace       used 92755K, committed 94336K, reserved 1179648K
  class space    used 9206K, committed 9920K, reserved 1048576K
}

Dll operation events (12 events):
Event: 0.029 Loaded shared library c:\Users\phaml\.cursor\extensions\redhat.java-1.45.0-win32-x64\jre\21.0.8-win32-x86_64\bin\java.dll
Event: 0.510 Loaded shared library c:\Users\phaml\.cursor\extensions\redhat.java-1.45.0-win32-x64\jre\21.0.8-win32-x86_64\bin\zip.dll
Event: 0.579 Loaded shared library C:\Users\phaml\.cursor\extensions\redhat.java-1.45.0-win32-x64\jre\21.0.8-win32-x86_64\bin\instrument.dll
Event: 0.595 Loaded shared library C:\Users\phaml\.cursor\extensions\redhat.java-1.45.0-win32-x64\jre\21.0.8-win32-x86_64\bin\net.dll
Event: 0.600 Loaded shared library C:\Users\phaml\.cursor\extensions\redhat.java-1.45.0-win32-x64\jre\21.0.8-win32-x86_64\bin\nio.dll
Event: 0.610 Loaded shared library C:\Users\phaml\.cursor\extensions\redhat.java-1.45.0-win32-x64\jre\21.0.8-win32-x86_64\bin\zip.dll
Event: 0.692 Loaded shared library C:\Users\phaml\.cursor\extensions\redhat.java-1.45.0-win32-x64\jre\21.0.8-win32-x86_64\bin\jimage.dll
Event: 0.900 Loaded shared library c:\Users\phaml\.cursor\extensions\redhat.java-1.45.0-win32-x64\jre\21.0.8-win32-x86_64\bin\verify.dll
Event: 15.761 Loaded shared library C:\Users\phaml\AppData\Roaming\Cursor\User\globalStorage\redhat.java\1.45.0\config_win\org.eclipse.equinox.launcher\org.eclipse.equinox.launcher.win32.win32.x86_64_1.2.1400.v20250801-0854\eclipse_11916.dll
Event: 40.261 Loaded shared library C:\Users\phaml\AppData\Local\Temp\jna-106629320\jna8860449344064908125.dll
Event: 53.329 Loaded shared library C:\Users\phaml\.cursor\extensions\redhat.java-1.45.0-win32-x64\jre\21.0.8-win32-x86_64\bin\sunmscapi.dll
Event: 4906.928 Loaded shared library C:\Users\phaml\.cursor\extensions\redhat.java-1.45.0-win32-x64\jre\21.0.8-win32-x86_64\bin\extnet.dll

Deoptimization events (20 events):
Event: 36786.243 Thread 0x00000225de3f7df0 DEOPT PACKING pc=0x000002258867e23c sp=0x000000fe4ebfd060
Event: 36786.243 Thread 0x00000225de3f7df0 DEOPT UNPACKING pc=0x0000022587586da2 sp=0x000000fe4ebfd018 mode 2
Event: 36786.243 Thread 0x00000225de3f7df0 Uncommon trap: trap_request=0xffffffbe fr.pc=0x000002258867e23c relative=0x00000000000009fc
Event: 36786.243 Thread 0x00000225de3f7df0 Uncommon trap: reason=profile_predicate action=maybe_recompile pc=0x000002258867e23c method=org.eclipse.jdt.internal.compiler.lookup.Scope.greaterLowerBound([Lorg/eclipse/jdt/internal/compiler/lookup/TypeBinding;Lorg/eclipse/jdt/internal/compiler/lookup/S
Event: 36786.243 Thread 0x00000225de3f7df0 DEOPT PACKING pc=0x000002258867e23c sp=0x000000fe4ebfd640
Event: 36786.243 Thread 0x00000225de3f7df0 DEOPT UNPACKING pc=0x0000022587586da2 sp=0x000000fe4ebfd5f8 mode 2
Event: 36786.255 Thread 0x00000225de3f7df0 Uncommon trap: trap_request=0xffffffbe fr.pc=0x000002258867e23c relative=0x00000000000009fc
Event: 36786.255 Thread 0x00000225de3f7df0 Uncommon trap: reason=profile_predicate action=maybe_recompile pc=0x000002258867e23c method=org.eclipse.jdt.internal.compiler.lookup.Scope.greaterLowerBound([Lorg/eclipse/jdt/internal/compiler/lookup/TypeBinding;Lorg/eclipse/jdt/internal/compiler/lookup/S
Event: 36786.255 Thread 0x00000225de3f7df0 DEOPT PACKING pc=0x000002258867e23c sp=0x000000fe4ebfd340
Event: 36786.255 Thread 0x00000225de3f7df0 DEOPT UNPACKING pc=0x0000022587586da2 sp=0x000000fe4ebfd2f8 mode 2
Event: 36786.257 Thread 0x00000225de3f7df0 Uncommon trap: trap_request=0xffffffbe fr.pc=0x000002258867e23c relative=0x00000000000009fc
Event: 36786.257 Thread 0x00000225de3f7df0 Uncommon trap: reason=profile_predicate action=maybe_recompile pc=0x000002258867e23c method=org.eclipse.jdt.internal.compiler.lookup.Scope.greaterLowerBound([Lorg/eclipse/jdt/internal/compiler/lookup/TypeBinding;Lorg/eclipse/jdt/internal/compiler/lookup/S
Event: 36786.257 Thread 0x00000225de3f7df0 DEOPT PACKING pc=0x000002258867e23c sp=0x000000fe4ebfd150
Event: 36786.257 Thread 0x00000225de3f7df0 DEOPT UNPACKING pc=0x0000022587586da2 sp=0x000000fe4ebfd108 mode 2
Event: 36793.973 Thread 0x00000225de3f0e60 DEOPT PACKING pc=0x00000225821b489e sp=0x000000fe4e1fddf0
Event: 36793.973 Thread 0x00000225de3f0e60 DEOPT UNPACKING pc=0x00000225875878e2 sp=0x000000fe4e1fd230 mode 0
Event: 36794.368 Thread 0x00000225ff4c9a80 Uncommon trap: trap_request=0xffffffde fr.pc=0x0000022588143cc4 relative=0x0000000000000924
Event: 36794.368 Thread 0x00000225ff4c9a80 Uncommon trap: reason=class_check action=maybe_recompile pc=0x0000022588143cc4 method=org.eclipse.jdt.internal.compiler.lookup.BinaryTypeBinding.getExactMethod([C[Lorg/eclipse/jdt/internal/compiler/lookup/TypeBinding;Lorg/eclipse/jdt/internal/compiler/loo
Event: 36794.368 Thread 0x00000225ff4c9a80 DEOPT PACKING pc=0x0000022588143cc4 sp=0x000000fe4f9fe4c0
Event: 36794.368 Thread 0x00000225ff4c9a80 DEOPT UNPACKING pc=0x0000022587586da2 sp=0x000000fe4f9fe440 mode 2

Classes loaded (20 events):
Event: 36653.697 Loading class jdk/internal/module/IllegalAccessLogger
Event: 36653.697 Loading class jdk/internal/module/IllegalAccessLogger done
Event: 36678.727 Loading class jdk/internal/module/IllegalAccessLogger
Event: 36678.727 Loading class jdk/internal/module/IllegalAccessLogger done
Event: 36690.216 Loading class jdk/internal/module/IllegalAccessLogger
Event: 36690.216 Loading class jdk/internal/module/IllegalAccessLogger done
Event: 36702.129 Loading class jdk/internal/module/IllegalAccessLogger
Event: 36702.130 Loading class jdk/internal/module/IllegalAccessLogger done
Event: 36704.109 Loading class jdk/internal/module/IllegalAccessLogger
Event: 36704.109 Loading class jdk/internal/module/IllegalAccessLogger done
Event: 36715.123 Loading class jdk/internal/module/IllegalAccessLogger
Event: 36715.124 Loading class jdk/internal/module/IllegalAccessLogger done
Event: 36751.355 Loading class jdk/internal/module/IllegalAccessLogger
Event: 36751.355 Loading class jdk/internal/module/IllegalAccessLogger done
Event: 36776.514 Loading class jdk/internal/module/IllegalAccessLogger
Event: 36776.514 Loading class jdk/internal/module/IllegalAccessLogger done
Event: 36782.738 Loading class jdk/internal/module/IllegalAccessLogger
Event: 36782.738 Loading class jdk/internal/module/IllegalAccessLogger done
Event: 36794.213 Loading class jdk/internal/module/IllegalAccessLogger
Event: 36794.213 Loading class jdk/internal/module/IllegalAccessLogger done

Classes unloaded (20 events):
Event: 32810.864 Thread 0x00000225ef6e3ac0 Unloading class 0x00000225909a4000 'java/lang/invoke/LambdaForm$MH+0x00000225909a4000'
Event: 32810.864 Thread 0x00000225ef6e3ac0 Unloading class 0x000002259099c000 'java/lang/invoke/LambdaForm$MH+0x000002259099c000'
Event: 32810.864 Thread 0x00000225ef6e3ac0 Unloading class 0x0000022590994400 'java/lang/invoke/LambdaForm$MH+0x0000022590994400'
Event: 32810.864 Thread 0x00000225ef6e3ac0 Unloading class 0x0000022590994000 'java/lang/invoke/LambdaForm$MH+0x0000022590994000'
Event: 32810.864 Thread 0x00000225ef6e3ac0 Unloading class 0x0000022590989400 'java/lang/invoke/LambdaForm$MH+0x0000022590989400'
Event: 32810.864 Thread 0x00000225ef6e3ac0 Unloading class 0x0000022590988c00 'java/lang/invoke/LambdaForm$MH+0x0000022590988c00'
Event: 32810.864 Thread 0x00000225ef6e3ac0 Unloading class 0x0000022590988800 'java/lang/invoke/LambdaForm$MH+0x0000022590988800'
Event: 32810.864 Thread 0x00000225ef6e3ac0 Unloading class 0x0000022590988400 'java/lang/invoke/LambdaForm$MH+0x0000022590988400'
Event: 32810.864 Thread 0x00000225ef6e3ac0 Unloading class 0x0000022590988000 'java/lang/invoke/LambdaForm$MH+0x0000022590988000'
Event: 32810.864 Thread 0x00000225ef6e3ac0 Unloading class 0x0000022590014800 'java/lang/invoke/LambdaForm$MH+0x0000022590014800'
Event: 32810.864 Thread 0x00000225ef6e3ac0 Unloading class 0x0000022590202400 'java/lang/invoke/LambdaForm$MH+0x0000022590202400'
Event: 32810.864 Thread 0x00000225ef6e3ac0 Unloading class 0x00000225902a5c00 'java/lang/invoke/LambdaForm$MH+0x00000225902a5c00'
Event: 32810.864 Thread 0x00000225ef6e3ac0 Unloading class 0x00000225902a6000 'java/lang/invoke/LambdaForm$MH+0x00000225902a6000'
Event: 32810.864 Thread 0x00000225ef6e3ac0 Unloading class 0x00000225904f2800 'java/lang/invoke/LambdaForm$MH+0x00000225904f2800'
Event: 32810.864 Thread 0x00000225ef6e3ac0 Unloading class 0x000002259090c800 'java/lang/invoke/LambdaForm$MH+0x000002259090c800'
Event: 32810.864 Thread 0x00000225ef6e3ac0 Unloading class 0x000002259090d400 'java/lang/invoke/LambdaForm$MH+0x000002259090d400'
Event: 36407.304 Thread 0x00000225ef6e3ac0 Unloading class 0x00000225909b4400 'java/lang/invoke/LambdaForm$MH+0x00000225909b4400'
Event: 36407.304 Thread 0x00000225ef6e3ac0 Unloading class 0x00000225909aa400 'java/lang/invoke/LambdaForm$MH+0x00000225909aa400'
Event: 36407.304 Thread 0x00000225ef6e3ac0 Unloading class 0x000002259088b000 'java/lang/invoke/LambdaForm$MH+0x000002259088b000'
Event: 36407.304 Thread 0x00000225ef6e3ac0 Unloading class 0x0000022590740400 'java/lang/invoke/LambdaForm$MH+0x0000022590740400'

Classes redefined (0 events):
No events

Internal exceptions (20 events):
Event: 36639.107 Thread 0x00000225fd18b9e0 Exception <a 'sun/nio/fs/WindowsException'{0x00000000d55eef98}> (0x00000000d55eef98) 
thrown [s\src\hotspot\share\prims\jni.cpp, line 520]
Event: 36654.413 Thread 0x00000225fd18b9e0 Exception <a 'sun/nio/fs/WindowsException'{0x00000000d5b2d330}> (0x00000000d5b2d330) 
thrown [s\src\hotspot\share\prims\jni.cpp, line 520]
Event: 36678.713 Thread 0x00000225fe23f8c0 Implicit null exception at 0x0000022588fe4feb to 0x0000022588fe6bf0
Event: 36680.708 Thread 0x00000225fd18b9e0 Exception <a 'sun/nio/fs/WindowsException'{0x00000000d59a4968}> (0x00000000d59a4968) 
thrown [s\src\hotspot\share\prims\jni.cpp, line 520]
Event: 36686.678 Thread 0x00000225fd18b9e0 Exception <a 'sun/nio/fs/WindowsException'{0x00000000d567d990}> (0x00000000d567d990) 
thrown [s\src\hotspot\share\prims\jni.cpp, line 520]
Event: 36702.024 Thread 0x00000225fd18b9e0 Exception <a 'sun/nio/fs/WindowsException'{0x00000000d55ce5a0}> (0x00000000d55ce5a0) 
thrown [s\src\hotspot\share\prims\jni.cpp, line 520]
Event: 36706.455 Thread 0x00000225fe23f8c0 Exception <a 'sun/nio/fs/WindowsException'{0x00000000d55b68c8}> (0x00000000d55b68c8) 
thrown [s\src\hotspot\share\prims\jni.cpp, line 520]
Event: 36706.456 Thread 0x00000225fe23f8c0 Exception <a 'sun/nio/fs/WindowsException'{0x00000000d55bf3b0}> (0x00000000d55bf3b0) 
thrown [s\src\hotspot\share\prims\jni.cpp, line 520]
Event: 36707.643 Thread 0x00000225fd18b9e0 Exception <a 'sun/nio/fs/WindowsException'{0x00000000d56e1298}> (0x00000000d56e1298) 
thrown [s\src\hotspot\share\prims\jni.cpp, line 520]
Event: 36718.213 Thread 0x00000225fd18b9e0 Exception <a 'sun/nio/fs/WindowsException'{0x00000000d5696ee8}> (0x00000000d5696ee8) 
thrown [s\src\hotspot\share\prims\jni.cpp, line 520]
Event: 36722.280 Thread 0x00000225fd18b9e0 Exception <a 'sun/nio/fs/WindowsException'{0x00000000d5639058}> (0x00000000d5639058) 
thrown [s\src\hotspot\share\prims\jni.cpp, line 520]
Event: 36751.170 Thread 0x00000225fd18b9e0 Exception <a 'sun/nio/fs/WindowsException'{0x00000000d59694c0}> (0x00000000d59694c0) 
thrown [s\src\hotspot\share\prims\jni.cpp, line 520]
Event: 36754.420 Thread 0x00000225fd18b9e0 Exception <a 'sun/nio/fs/WindowsException'{0x00000000d5744f88}> (0x00000000d5744f88) 
thrown [s\src\hotspot\share\prims\jni.cpp, line 520]
Event: 36778.069 Thread 0x00000225fd18b9e0 Exception <a 'sun/nio/fs/WindowsException'{0x00000000d5737840}> (0x00000000d5737840) 
thrown [s\src\hotspot\share\prims\jni.cpp, line 520]
Event: 36780.415 Thread 0x00000225fd18b9e0 Exception <a 'sun/nio/fs/WindowsException'{0x00000000d581dbd8}> (0x00000000d581dbd8) 
thrown [s\src\hotspot\share\prims\jni.cpp, line 520]
Event: 36782.827 Thread 0x00000225de3f42e0 Implicit null exception at 0x0000022588fae35e to 0x0000022588fae3c4
Event: 36797.923 Thread 0x00000225fd18b9e0 Exception <a 'sun/nio/fs/WindowsException'{0x00000000d5a2a0b8}> (0x00000000d5a2a0b8) 
thrown [s\src\hotspot\share\prims\jni.cpp, line 520]
Event: 36807.769 Thread 0x00000225fd18b9e0 Exception <a 'sun/nio/fs/WindowsException'{0x00000000d581f0d8}> (0x00000000d581f0d8) 
thrown [s\src\hotspot\share\prims\jni.cpp, line 520]
Event: 36816.731 Thread 0x00000225fd188bf0 Exception <a 'sun/nio/fs/WindowsException'{0x00000000d591dc80}> (0x00000000d591dc80) 
thrown [s\src\hotspot\share\prims\jni.cpp, line 520]
Event: 36816.731 Thread 0x00000225fd188bf0 Exception <a 'sun/nio/fs/WindowsException'{0x00000000d591e398}> (0x00000000d591e398) 
thrown [s\src\hotspot\share\prims\jni.cpp, line 520]

ZGC Phase Switch (0 events):
No events

VM Operations (20 events):
Event: 36917.486 Executing VM operation: ParallelGCFailedAllocation (Allocation Failure) done
Event: 36917.749 Executing VM operation: ParallelGCFailedAllocation (Allocation Failure)
Event: 36917.753 Executing VM operation: ParallelGCFailedAllocation (Allocation Failure) done
Event: 36918.017 Executing VM operation: ParallelGCFailedAllocation (Allocation Failure)
Event: 36918.035 Executing VM operation: ParallelGCFailedAllocation (Allocation Failure) done
Event: 36918.081 Executing VM operation: ParallelGCFailedAllocation (Allocation Failure)
Event: 36918.086 Executing VM operation: ParallelGCFailedAllocation (Allocation Failure) done
Event: 36918.184 Executing VM operation: ParallelGCFailedAllocation (Allocation Failure)
Event: 36918.188 Executing VM operation: ParallelGCFailedAllocation (Allocation Failure) done
Event: 36918.295 Executing VM operation: ParallelGCFailedAllocation (Allocation Failure)
Event: 36918.314 Executing VM operation: ParallelGCFailedAllocation (Allocation Failure) done
Event: 36918.352 Executing VM operation: ParallelGCFailedAllocation (Allocation Failure)
Event: 36918.378 Executing VM operation: ParallelGCFailedAllocation (Allocation Failure) done
Event: 36918.415 Executing VM operation: ParallelGCFailedAllocation (Allocation Failure)
Event: 36918.420 Executing VM operation: ParallelGCFailedAllocation (Allocation Failure) done
Event: 36918.523 Executing VM operation: ParallelGCFailedAllocation (Allocation Failure)
Event: 36918.531 Executing VM operation: ParallelGCFailedAllocation (Allocation Failure) done
Event: 36918.627 Executing VM operation: ParallelGCFailedAllocation (Allocation Failure)
Event: 36918.631 Executing VM operation: ParallelGCFailedAllocation (Allocation Failure) done
Event: 36918.733 Executing VM operation: ParallelGCFailedAllocation (Allocation Failure)

Memory protections (0 events):
No events

Nmethod flushes (20 events):
Event: 36407.368 Thread 0x00000225ef6e3ac0 flushing  nmethod 0x00000225829f5690
Event: 36407.368 Thread 0x00000225ef6e3ac0 flushing  nmethod 0x00000225829fb110
Event: 36407.368 Thread 0x00000225ef6e3ac0 flushing  nmethod 0x0000022582a48190
Event: 36407.368 Thread 0x00000225ef6e3ac0 flushing  nmethod 0x0000022582ab8890
Event: 36407.368 Thread 0x00000225ef6e3ac0 flushing  nmethod 0x0000022582afef10
Event: 36407.368 Thread 0x00000225ef6e3ac0 flushing  nmethod 0x0000022582b11710
Event: 36407.368 Thread 0x00000225ef6e3ac0 flushing  nmethod 0x0000022582b47a10
Event: 36407.368 Thread 0x00000225ef6e3ac0 flushing  nmethod 0x0000022582b4ae90
Event: 36407.368 Thread 0x00000225ef6e3ac0 flushing  nmethod 0x0000022582bcbc10
Event: 36407.368 Thread 0x00000225ef6e3ac0 flushing  nmethod 0x0000022582be7f90
Event: 36407.368 Thread 0x00000225ef6e3ac0 flushing  nmethod 0x0000022582cfb390
Event: 36407.368 Thread 0x00000225ef6e3ac0 flushing  nmethod 0x0000022582d41c10
Event: 36407.368 Thread 0x00000225ef6e3ac0 flushing  nmethod 0x0000022582e76690
Event: 36407.368 Thread 0x00000225ef6e3ac0 flushing  nmethod 0x0000022582e76a10
Event: 36407.368 Thread 0x00000225ef6e3ac0 flushing  nmethod 0x0000022582e7f290
Event: 36407.368 Thread 0x00000225ef6e3ac0 flushing  nmethod 0x0000022582e95010
Event: 36407.368 Thread 0x00000225ef6e3ac0 flushing  nmethod 0x0000022582f28210
Event: 36407.368 Thread 0x00000225ef6e3ac0 flushing  nmethod 0x00000225830d0c10
Event: 36407.368 Thread 0x00000225ef6e3ac0 flushing  nmethod 0x0000022583106010
Event: 36407.368 Thread 0x00000225ef6e3ac0 flushing  nmethod 0x000002258310c590

Events (20 events):
Event: 36633.251 Thread 0x00000225ff4c6c90 Thread added: 0x00000225ff4c7320
Event: 36637.062 Thread 0x00000225fe23f230 Thread exited: 0x00000225fe23f230
Event: 36637.542 Thread 0x00000225de3f70d0 Thread added: 0x00000225de3f5000
Event: 36653.065 Thread 0x00000225fe23f8c0 Thread added: 0x00000225de3f2f30
Event: 36653.345 Thread 0x00000225f89e5700 Thread added: 0x00000225fd009880
Event: 36653.345 Thread 0x00000225f89e5700 Thread added: 0x00000225fd00ba90
Event: 36653.933 Thread 0x00000225fd00ba90 Thread exited: 0x00000225fd00ba90
Event: 36655.020 Thread 0x00000225fd009880 Thread exited: 0x00000225fd009880
Event: 36678.564 Thread 0x00000225fe23f8c0 Thread added: 0x00000225de3f5690
Event: 36703.739 Thread 0x00000225ff4c6c90 Thread added: 0x00000225fd188bf0
Event: 36706.443 Thread 0x00000225fe23f8c0 Thread added: 0x00000225fd189280
Event: 36706.452 Thread 0x00000225fd189280 Thread exited: 0x00000225fd189280
Event: 36706.457 Thread 0x00000225fe23f8c0 Thread added: 0x00000225fd189280
Event: 36706.460 Thread 0x00000225fd189280 Thread exited: 0x00000225fd189280
Event: 36782.855 Thread 0x00000225f89e5700 Thread added: 0x00000225fd009880
Event: 36783.964 Thread 0x00000225fd009880 Thread exited: 0x00000225fd009880
Event: 36854.418 Thread 0x00000225ff4c9a80 Thread exited: 0x00000225ff4c9a80
Event: 36913.990 Thread 0x00000225de3f0e60 Thread exited: 0x00000225de3f0e60
Event: 36914.081 Thread 0x00000225ff4c6c90 Thread exited: 0x00000225ff4c6c90
Event: 36914.123 Thread 0x00000225fe23f8c0 Thread exited: 0x00000225fe23f8c0


Dynamic libraries:
0x00007ff71f000000 - 0x00007ff71f00e000 	c:\Users\phaml\.cursor\extensions\redhat.java-1.45.0-win32-x64\jre\21.0.8-win32-x86_64\bin\java.exe
0x00007ff8ab5a0000 - 0x00007ff8ab808000 	C:\WINDOWS\SYSTEM32\ntdll.dll
0x00007ff8aa2f0000 - 0x00007ff8aa3b9000 	C:\WINDOWS\System32\KERNEL32.DLL
0x00007ff8a8a20000 - 0x00007ff8a8e12000 	C:\WINDOWS\System32\KERNELBASE.dll
0x00007ff8a5420000 - 0x00007ff8a54bf000 	C:\WINDOWS\SYSTEM32\apphelp.dll
0x00007ff8a8720000 - 0x00007ff8a886b000 	C:\WINDOWS\System32\ucrtbase.dll
0x00007ff88adf0000 - 0x00007ff88ae08000 	c:\Users\phaml\.cursor\extensions\redhat.java-1.45.0-win32-x64\jre\21.0.8-win32-x86_64\bin\jli.dll
0x00007ff8a9d20000 - 0x00007ff8a9ee5000 	C:\WINDOWS\System32\USER32.dll
0x00007ff8a8870000 - 0x00007ff8a8897000 	C:\WINDOWS\System32\win32u.dll
0x00007ff8ab360000 - 0x00007ff8ab38b000 	C:\WINDOWS\System32\GDI32.dll
0x00007ff8a9230000 - 0x00007ff8a935d000 	C:\WINDOWS\System32\gdi32full.dll
0x00007ff8a8e20000 - 0x00007ff8a8ec3000 	C:\WINDOWS\System32\msvcp_win.dll
0x00007ff88add0000 - 0x00007ff88adee000 	c:\Users\phaml\.cursor\extensions\redhat.java-1.45.0-win32-x64\jre\21.0.8-win32-x86_64\bin\VCRUNTIME140.dll
0x00007ff885bc0000 - 0x00007ff885e53000 	C:\WINDOWS\WinSxS\amd64_microsoft.windows.common-controls_6595b64144ccf1df_6.0.26100.6682_none_3e0e9e60e32ebb61\COMCTL32.dll
0x00007ff8aa240000 - 0x00007ff8aa2e9000 	C:\WINDOWS\System32\msvcrt.dll
0x00007ff8a9ef0000 - 0x00007ff8a9f1f000 	C:\WINDOWS\System32\IMM32.DLL
0x00007ff889010000 - 0x00007ff88901c000 	c:\Users\phaml\.cursor\extensions\redhat.java-1.45.0-win32-x64\jre\21.0.8-win32-x86_64\bin\vcruntime140_1.dll
0x00007ff852b40000 - 0x00007ff852bcd000 	c:\Users\phaml\.cursor\extensions\redhat.java-1.45.0-win32-x64\jre\21.0.8-win32-x86_64\bin\msvcp140.dll
0x00007ff800ca0000 - 0x00007ff801a37000 	c:\Users\phaml\.cursor\extensions\redhat.java-1.45.0-win32-x64\jre\21.0.8-win32-x86_64\bin\server\jvm.dll
0x00007ff8a9370000 - 0x00007ff8a9424000 	C:\WINDOWS\System32\ADVAPI32.dll
0x00007ff8ab390000 - 0x00007ff8ab436000 	C:\WINDOWS\System32\sechost.dll
0x00007ff8aacb0000 - 0x00007ff8aadc8000 	C:\WINDOWS\System32\RPCRT4.dll
0x00007ff8a9430000 - 0x00007ff8a94a4000 	C:\WINDOWS\System32\WS2_32.dll
0x00007ff8a8580000 - 0x00007ff8a85de000 	C:\WINDOWS\SYSTEM32\POWRPROF.dll
0x00007ff885e60000 - 0x00007ff885e95000 	C:\WINDOWS\SYSTEM32\WINMM.dll
0x00007ff894870000 - 0x00007ff89487b000 	C:\WINDOWS\SYSTEM32\VERSION.dll
0x00007ff8a8560000 - 0x00007ff8a8574000 	C:\WINDOWS\SYSTEM32\UMPDC.dll
0x00007ff8a74f0000 - 0x00007ff8a750b000 	C:\WINDOWS\SYSTEM32\kernel.appcore.dll
0x00007ff884220000 - 0x00007ff88422a000 	c:\Users\phaml\.cursor\extensions\redhat.java-1.45.0-win32-x64\jre\21.0.8-win32-x86_64\bin\jimage.dll
0x00007ff8a5610000 - 0x00007ff8a5852000 	C:\WINDOWS\SYSTEM32\DBGHELP.DLL
0x00007ff8aadd0000 - 0x00007ff8ab14b000 	C:\WINDOWS\System32\combase.dll
0x00007ff8aa3c0000 - 0x00007ff8aa497000 	C:\WINDOWS\System32\OLEAUT32.dll
0x00007ff8705f0000 - 0x00007ff87062c000 	C:\WINDOWS\SYSTEM32\dbgcore.DLL
0x00007ff8a9190000 - 0x00007ff8a9228000 	C:\WINDOWS\System32\bcryptPrimitives.dll
0x00007ff8836d0000 - 0x00007ff8836df000 	c:\Users\phaml\.cursor\extensions\redhat.java-1.45.0-win32-x64\jre\21.0.8-win32-x86_64\bin\instrument.dll
0x00007ff862b40000 - 0x00007ff862b5f000 	c:\Users\phaml\.cursor\extensions\redhat.java-1.45.0-win32-x64\jre\21.0.8-win32-x86_64\bin\java.dll
0x00007ff8a94b0000 - 0x00007ff8a9c01000 	C:\WINDOWS\System32\SHELL32.dll
0x00007ff8a8f60000 - 0x00007ff8a90cb000 	C:\WINDOWS\System32\wintypes.dll
0x00007ff8a6330000 - 0x00007ff8a6b8f000 	C:\WINDOWS\SYSTEM32\windows.storage.dll
0x00007ff8ab260000 - 0x00007ff8ab352000 	C:\WINDOWS\System32\SHCORE.dll
0x00007ff8ab440000 - 0x00007ff8ab4a2000 	C:\WINDOWS\System32\shlwapi.dll
0x00007ff8a8640000 - 0x00007ff8a8668000 	C:\WINDOWS\SYSTEM32\profapi.dll
0x00007ff862b20000 - 0x00007ff862b38000 	c:\Users\phaml\.cursor\extensions\redhat.java-1.45.0-win32-x64\jre\21.0.8-win32-x86_64\bin\zip.dll
0x00007ff883640000 - 0x00007ff883650000 	C:\Users\phaml\.cursor\extensions\redhat.java-1.45.0-win32-x64\jre\21.0.8-win32-x86_64\bin\net.dll
0x00007ff898470000 - 0x00007ff898590000 	C:\WINDOWS\SYSTEM32\WINHTTP.dll
0x00007ff8a7a60000 - 0x00007ff8a7acb000 	C:\WINDOWS\system32\mswsock.dll
0x00007ff862b00000 - 0x00007ff862b16000 	C:\Users\phaml\.cursor\extensions\redhat.java-1.45.0-win32-x64\jre\21.0.8-win32-x86_64\bin\nio.dll
0x00007ff8831f0000 - 0x00007ff883200000 	c:\Users\phaml\.cursor\extensions\redhat.java-1.45.0-win32-x64\jre\21.0.8-win32-x86_64\bin\verify.dll
0x00007ff88ad80000 - 0x00007ff88adc4000 	C:\Users\phaml\AppData\Roaming\Cursor\User\globalStorage\redhat.java\1.45.0\config_win\org.eclipse.equinox.launcher\org.eclipse.equinox.launcher.win32.win32.x86_64_1.2.1400.v20250801-0854\eclipse_11916.dll
0x00007ff8aaa90000 - 0x00007ff8aac28000 	C:\WINDOWS\System32\ole32.dll
0x00007ff8a7d10000 - 0x00007ff8a7d2b000 	C:\WINDOWS\SYSTEM32\CRYPTSP.dll
0x00007ff8a7450000 - 0x00007ff8a748b000 	C:\WINDOWS\system32\rsaenh.dll
0x00007ff8a7b00000 - 0x00007ff8a7b2b000 	C:\WINDOWS\SYSTEM32\USERENV.dll
0x00007ff8a8610000 - 0x00007ff8a8636000 	C:\WINDOWS\SYSTEM32\bcrypt.dll
0x00007ff8a7d30000 - 0x00007ff8a7d3c000 	C:\WINDOWS\SYSTEM32\CRYPTBASE.dll
0x00007ff8a7010000 - 0x00007ff8a7044000 	C:\WINDOWS\SYSTEM32\IPHLPAPI.DLL
0x00007ff8ab4b0000 - 0x00007ff8ab4ba000 	C:\WINDOWS\System32\NSI.dll
0x00007ff853c60000 - 0x00007ff853ca9000 	C:\Users\phaml\AppData\Local\Temp\jna-106629320\jna8860449344064908125.dll
0x00007ff8ab4c0000 - 0x00007ff8ab4c8000 	C:\WINDOWS\System32\PSAPI.DLL
0x00007ff898310000 - 0x00007ff89832b000 	\\?\C:\WINDOWS\system32\MpeHttpExt.dll
0x00007ff8983e0000 - 0x00007ff8983fe000 	C:\WINDOWS\SYSTEM32\dhcpcsvc6.DLL
0x00007ff8983b0000 - 0x00007ff8983d3000 	C:\WINDOWS\SYSTEM32\dhcpcsvc.DLL
0x00007ff88be80000 - 0x00007ff88be8e000 	C:\Users\phaml\.cursor\extensions\redhat.java-1.45.0-win32-x64\jre\21.0.8-win32-x86_64\bin\sunmscapi.dll
0x00007ff8a88a0000 - 0x00007ff8a8a17000 	C:\WINDOWS\System32\CRYPT32.dll
0x00007ff8a7f30000 - 0x00007ff8a7f60000 	C:\WINDOWS\SYSTEM32\ncrypt.dll
0x00007ff8a7ee0000 - 0x00007ff8a7f1f000 	C:\WINDOWS\SYSTEM32\NTASN1.dll
0x00007ff810a30000 - 0x00007ff810a38000 	C:\WINDOWS\system32\wshunix.dll
0x00007ff88b9c0000 - 0x00007ff88b9c9000 	C:\Users\phaml\.cursor\extensions\redhat.java-1.45.0-win32-x64\jre\21.0.8-win32-x86_64\bin\extnet.dll
0x00007ff8a7050000 - 0x00007ff8a7175000 	C:\WINDOWS\SYSTEM32\DNSAPI.dll
0x00007ff896960000 - 0x00007ff89696b000 	C:\Windows\System32\rasadhlp.dll
0x00007ff898600000 - 0x00007ff898686000 	C:\WINDOWS\System32\fwpuclnt.dll

JVMTI agents:
c:\Users\phaml\.cursor\extensions\redhat.java-1.45.0-win32-x64\lombok\lombok-1.18.39-4050.jar path:c:\Users\phaml\.cursor\extensions\redhat.java-1.45.0-win32-x64\jre\21.0.8-win32-x86_64\bin\instrument.dll, loaded, initialized, instrumentlib options:none

dbghelp: loaded successfully - version: 4.0.5 - missing functions: none
symbol engine: initialized successfully - sym options: 0x614 - pdb path: .;c:\Users\phaml\.cursor\extensions\redhat.java-1.45.0-win32-x64\jre\21.0.8-win32-x86_64\bin;C:\WINDOWS\SYSTEM32;C:\WINDOWS\WinSxS\amd64_microsoft.windows.common-controls_6595b64144ccf1df_6.0.26100.6682_none_3e0e9e60e32ebb61;c:\Users\phaml\.cursor\extensions\redhat.java-1.45.0-win32-x64\jre\21.0.8-win32-x86_64\bin\server;C:\Users\phaml\AppData\Roaming\Cursor\User\globalStorage\redhat.java\1.45.0\config_win\org.eclipse.equinox.launcher\org.eclipse.equinox.launcher.win32.win32.x86_64_1.2.1400.v20250801-0854;C:\Users\phaml\AppData\Local\Temp\jna-106629320;\\?\C:\WINDOWS\system32

VM Arguments:
jvm_args: --add-modules=ALL-SYSTEM --add-opens=java.base/java.util=ALL-UNNAMED --add-opens=java.base/java.lang=ALL-UNNAMED --add-opens=java.base/sun.nio.fs=ALL-UNNAMED -Declipse.application=org.eclipse.jdt.ls.core.id1 -Dosgi.bundles.defaultStartLevel=4 -Declipse.product=org.eclipse.jdt.ls.core.product -Djava.import.generatesMetadataFilesAtProjectRoot=false -DDetectVMInstallationsJob.disabled=true -Dfile.encoding=utf8 -XX:+UseParallelGC -XX:GCTimeRatio=4 -XX:AdaptiveSizePolicyWeight=90 -Dsun.zip.disableMemoryMapping=true -Xmx2G -Xms100m -Xlog:disable -javaagent:c:\Users\phaml\.cursor\extensions\redhat.java-1.45.0-win32-x64\lombok\lombok-1.18.39-4050.jar -XX:+HeapDumpOnOutOfMemoryError -XX:HeapDumpPath=c:\Users\phaml\AppData\Roaming\Cursor\User\workspaceStorage\862c0be3ef209b57959c4ac46b03a392\redhat.java -Daether.dependencyCollector.impl=bf 
java_command: c:\Users\phaml\.cursor\extensions\redhat.java-1.45.0-win32-x64\server\plugins\org.eclipse.equinox.launcher_1.7.0.v20250519-0528.jar -configuration c:\Users\phaml\AppData\Roaming\Cursor\User\globalStorage\redhat.java\1.45.0\config_win -data c:\Users\phaml\AppData\Roaming\Cursor\User\workspaceStorage\862c0be3ef209b57959c4ac46b03a392\redhat.java\jdt_ws --pipe=\\.\pipe\lsp-3f3e9cc8dc18e8b695c81f5f7fefb8ff-sock
java_class_path (initial): c:\Users\phaml\.cursor\extensions\redhat.java-1.45.0-win32-x64\server\plugins\org.eclipse.equinox.launcher_1.7.0.v20250519-0528.jar
Launcher Type: SUN_STANDARD

[Global flags]
    uintx AdaptiveSizePolicyWeight                 = 90                                        {product} {command line}
     intx CICompilerCount                          = 4                                         {product} {ergonomic}
    uintx GCTimeRatio                              = 4                                         {product} {command line}
     bool HeapDumpOnOutOfMemoryError               = true                                   {manageable} {command line}
    ccstr HeapDumpPath                             = c:\Users\phaml\AppData\Roaming\Cursor\User\workspaceStorage\862c0be3ef209b57959c4ac46b03a392\redhat.java         {manageable} {command line}
   size_t InitialHeapSize                          = 104857600                                 {product} {command line}
   size_t MaxHeapSize                              = 2147483648                                {product} {command line}
   size_t MaxNewSize                               = 715653120                                 {product} {ergonomic}
   size_t MinHeapDeltaBytes                        = 524288                                    {product} {ergonomic}
   size_t MinHeapSize                              = 104857600                                 {product} {command line}
   size_t NewSize                                  = 34603008                                  {product} {ergonomic}
    uintx NonNMethodCodeHeapSize                   = 5839372                                {pd product} {ergonomic}
    uintx NonProfiledCodeHeapSize                  = 122909434                              {pd product} {ergonomic}
   size_t OldSize                                  = 70254592                                  {product} {ergonomic}
    uintx ProfiledCodeHeapSize                     = 122909434                              {pd product} {ergonomic}
    uintx ReservedCodeCacheSize                    = 251658240                              {pd product} {ergonomic}
     bool SegmentedCodeCache                       = true                                      {product} {ergonomic}
   size_t SoftMaxHeapSize                          = 2147483648                             {manageable} {ergonomic}
     bool UseCompressedOops                        = true                           {product lp64_product} {ergonomic}
     bool UseLargePagesIndividualAllocation        = false                                  {pd product} {ergonomic}
     bool UseParallelGC                            = true                                      {product} {command line}

Logging:
Log output configuration:
 #0: stdout all=off uptime,level,tags foldmultilines=false
 #1: stderr all=off uptime,level,tags foldmultilines=false

Environment Variables:
PATH=c:\Users\phaml\AppData\Local\Programs\cursor\resources\app\bin;C:\Program Files\Common Files\Oracle\Java\javapath_target_4825531;C:\Python312\;C:\Program Files\Common Files\Oracle\Java\javapath;C:\Program Files (x86)\VMware\VMware Workstation\bin\;C:\WINDOWS\system32;C:\WINDOWS;C:\WINDOWS\System32\Wbem;C:\WINDOWS\System32\WindowsPowerShell\v1.0\;C:\WINDOWS\System32\OpenSSH\;C:\Program Files\dotnet\;C:\msys64\mingw64\bin;C:\Program Files\nodejs\;C:\ProgramData\chocolatey\bin;C:\Program Files (x86)\Microsoft SQL Server\160\DTS\Binn\;C:\Program Files\Azure Data Studio\bin;C:\Program Files (x86)\Microsoft SQL Server\160\Tools\Binn\;C:\Program Files\Microsoft SQL Server\160\Tools\Binn\;C:\Program Files\Microsoft SQL Server\Client SDK\ODBC\170\Tools\Binn\;C:\Program Files\Microsoft SQL Server\160\DTS\Binn\;C:\Program Files\Microsoft SQL Server\120\Tools\Binn\;C:\Program Files\Java\jdk-17\bin;C:\Python312\~cripts;C:\;C:\Program Files\MongoDB\Server\8.0\bin;C:\Users\phaml\Downloads\mongosh-2.3.8-win32-x64\mongosh-2.3.8-win32-x64\bin;C:\Users\phaml\AppData\Local\Programs\Python\Python313\Scripts;C:\Program Files\JetBrains\IntelliJ IDEA 2024.2.0.1\bin\idea64.exe;C:\apache-maven-3.9.9-bin\apache-maven-3.9.9\bin;C:\WINDOWS\system32;C:\WINDOWS;C:\WINDOWS\System32\Wbem;C:\WINDOWS\System32\WindowsPowerShell\v1.0\;C:\WINDOWS\System32\OpenSSH\;C:\Program Files\Git\cmd;C:\Program Files\PostgreSQL\17\bin;C:\Program Files\PowerShell\7\;C:\ffmpeg\bin;;C:\Program Files\Docker\Docker\resources\bin;C:\Program Files\cursor\resources\app\bin;C:\Users\phaml\AppData\Local\Microsoft\WindowsApps;C:\MinGW\bin;C:\Users\phaml\AppData\Roaming\npm;C:\Users\phaml\AppData\Local\Programs\Azure Data Studio\bin;C:\Program Files\JetBrains\IntelliJ IDEA 2024.2.0.1\bin;C:\Program Files\JetBrains\PyCharm 2024.1.1\bin;C:\Program Files\JetBrains\GoLand 2024.1.1\bin;C:\Users\phaml\AppData\Local\GitHubDesktop\bin;C:\Program Files\NetBeans-17\netbeans\java\gradle\bin;C:\Users\phaml\Downloads\gradle-8.10.1-bin\gradle\bin;C:\FALL24\apache-maven-3.9.9\bin;C:\Users\phaml\AppData\Local\Programs\mongosh\;C:\Users\phaml\AppData\Local\Microsoft\WinGet\Packages\Schniz.fnm_Microsoft.Winget.Source_8wekyb3d8bbwe;C:\Users\phaml\AppData\Local\Programs\cursor\resources\app\bin;C:\Users\phaml\AppData\Local\Programs\Microsoft VS Code\bin;C:\Program Files\JetBrains\CLion 2025.1.2\bin
USERNAME=phaml
OS=Windows_NT
PROCESSOR_IDENTIFIER=Intel64 Family 6 Model 140 Stepping 1, GenuineIntel
TMP=C:\Users\phaml\AppData\Local\Temp
TEMP=C:\Users\phaml\AppData\Local\Temp




Periodic native trim disabled

---------------  S Y S T E M  ---------------

OS:
 Windows 11 , 64 bit Build 26100 (10.0.26100.6690)
OS uptime: 4 days 20:22 hours
Hyper-V role detected

CPU: total 8 (initial active 8) (4 cores per cpu, 2 threads per core) family 6 model 140 stepping 1 microcode 0x8a, cx8, cmov, fxsr, ht, mmx, 3dnowpref, sse, sse2, sse3, ssse3, sse4.1, sse4.2, popcnt, lzcnt, tsc, tscinvbit, avx, avx2, aes, erms, clmul, bmi1, bmi2, adx, avx512f, avx512dq, avx512cd, avx512bw, avx512vl, sha, fma, vzeroupper, avx512_vpopcntdq, avx512_vpclmulqdq, avx512_vaes, avx512_vnni, clflush, clflushopt, clwb, avx512_vbmi2, avx512_vbmi, hv, rdtscp, rdpid, fsrm, gfni, avx512_bitalg, f16c, cet_ibt, cet_ss, avx512_ifma
Processor Information for the first 8 processors :
  Max Mhz: 2419, Current Mhz: 2419, Mhz Limit: 2419

Memory: 4k page, system-wide physical 24375M (3843M free)
TotalPageFile size 32567M (AvailPageFile size 3M)
current process WorkingSet (physical memory assigned to process): 1429M, peak: 1630M
current process commit charge ("private bytes"): 1548M, peak: 1798M

vm_info: OpenJDK 64-Bit Server VM (21.0.8+9-LTS) for windows-amd64 JRE (21.0.8+9-LTS), built on 2025-07-15T00:00:00Z by "admin" with MS VC++ 17.7 (VS2022)

END.
