#
# There is insufficient memory for the Java Runtime Environment to continue.
# Native memory allocation (mmap) failed to map 402653184 bytes for G1 virtual space
# Possible reasons:
#   The system is out of physical RAM or swap space
#   The process is running with CompressedOops enabled, and the Java Heap may be blocking the growth of the native heap
# Possible solutions:
#   Reduce memory load on the system
#   Increase physical memory or swap space
#   Check if swap backing store is full
#   Decrease Java heap size (-Xmx/-Xms)
#   Decrease number of Java threads
#   Decrease Java thread stack sizes (-Xss)
#   Set larger code cache with -XX:ReservedCodeCacheSize=
#   JVM is running with Zero Based Compressed Oops mode in which the Java heap is
#     placed in the first 32GB address space. The Java Heap base address is the
#     maximum limit for the native heap growth. Please use -XX:HeapBaseMinAddress
#     to set the Java Heap base and to place the Java Heap above 32GB virtual address.
# This output file may be truncated or incomplete.
#
#  Out of Memory Error (os_windows.cpp:3600), pid=54876, tid=46732
#
# JRE version:  (21.0.5+9) (build )
# Java VM: Java HotSpot(TM) 64-Bit Server VM (21.0.5+9-LTS-239, mixed mode, sharing, tiered, compressed oops, compressed class ptrs, g1 gc, windows-amd64)
# No core dump will be written. Minidumps are not enabled by default on client versions of Windows
#

---------------  S U M M A R Y ------------

Command Line: -Dclassworlds.conf=C:\apache-maven-3.9.9-bin\apache-maven-3.9.9\bin\m2.conf -Dmaven.home=C:\apache-maven-3.9.9-bin\apache-maven-3.9.9 -Dlibrary.jansi.path=C:\apache-maven-3.9.9-bin\apache-maven-3.9.9\lib\jansi-native -Dmaven.multiModuleProjectDirectory=C:\FPTU\FALL25\PRM392\Project\FandBAISpring org.codehaus.plexus.classworlds.launcher.Launcher -q -DskipTests clean package

Host: 11th Gen Intel(R) Core(TM) i5-1135G7 @ 2.40GHz, 8 cores, 23G,  Windows 11 , 64 bit Build 26100 (10.0.26100.6690)
Time: Tue Sep 30 07:48:25 2025 SE Asia Standard Time elapsed time: 1.765537 seconds (0d 0h 0m 1s)

---------------  T H R E A D  ---------------

Current thread (0x0000020450667190):  JavaThread "Unknown thread" [_thread_in_vm, id=46732, stack(0x0000005cc7600000,0x0000005cc7700000) (1024K)]

Stack: [0x0000005cc7600000,0x0000005cc7700000]
Native frames: (J=compiled Java code, j=interpreted, Vv=VM code, C=native code)
V  [jvm.dll+0x6ca289]
V  [jvm.dll+0x854a51]
V  [jvm.dll+0x856f7e]
V  [jvm.dll+0x857653]
V  [jvm.dll+0x27dd26]
V  [jvm.dll+0x6c6a25]
V  [jvm.dll+0x6bb5aa]
V  [jvm.dll+0x35359a]
V  [jvm.dll+0x35b1f6]
V  [jvm.dll+0x3adade]
V  [jvm.dll+0x3add88]
V  [jvm.dll+0x3278fc]
V  [jvm.dll+0x32845b]
V  [jvm.dll+0x81de19]
V  [jvm.dll+0x3ba7c1]
V  [jvm.dll+0x807168]
V  [jvm.dll+0x44f96e]
V  [jvm.dll+0x451561]
C  [jli.dll+0x52a3]
C  [ucrtbase.dll+0x37b0]
C  [KERNEL32.DLL+0x2e8d7]
C  [ntdll.dll+0x8c53c]


---------------  P R O C E S S  ---------------

Threads class SMR info:
_java_thread_list=0x00007ff826a5ac08, length=0, elements={
}

Java Threads: ( => current thread )
Total: 0

Other Threads:
  0x00000204506e22b0 WorkerThread "GC Thread#0"                     [id=56240, stack(0x0000005cc7700000,0x0000005cc7800000) (1024K)]
  0x00000204506f0120 ConcurrentGCThread "G1 Main Marker"            [id=52776, stack(0x0000005cc7800000,0x0000005cc7900000) (1024K)]
  0x00000204506f0c20 WorkerThread "G1 Conc#0"                       [id=30432, stack(0x0000005cc7900000,0x0000005cc7a00000) (1024K)]

[error occurred during error reporting (printing all threads), id 0xc0000005, EXCEPTION_ACCESS_VIOLATION (0xc0000005) at pc=0x00007ff8261ca087]
VM state: not at safepoint (not fully initialized)

VM Mutex/Monitor currently owned by a thread:  ([mutex/lock_event])
[0x00007ff826acbf98] Heap_lock - owner thread: 0x0000020450667190

Heap address: 0x0000000683000000, size: 6096 MB, Compressed Oops mode: Zero based, Oop shift amount: 3

CDS archive(s) mapped at: [0x0000000000000000-0x0000000000000000-0x0000000000000000), size 0, SharedBaseAddress: 0x0000000800000000, ArchiveRelocationMode: 1.
Narrow klass base: 0x0000000000000000, Narrow klass shift: 0, Narrow klass range: 0x0

GC Precious Log:
 CardTable entry size: 512
 Card Set container configuration: InlinePtr #cards 4 size 8 Array Of Cards #cards 32 size 80 Howl #buckets 8 coarsen threshold 7372 Howl Bitmap #cards 1024 size 144 coarsen threshold 921 Card regions per heap region 1 cards per card region 8192

Heap:
 garbage-first heap   total 0K, used 0K [0x0000000683000000, 0x0000000800000000)
  region size 4096K, 0 young (0K), 0 survivors (0K)

[error occurred during error reporting (printing heap information), id 0xc0000005, EXCEPTION_ACCESS_VIOLATION (0xc0000005) at pc=0x00007ff8265b3259]
GC Heap History (0 events):
No events

Dll operation events (1 events):
Event: 0.027 Loaded shared library C:\Program Files\Java\jdk-21\bin\java.dll

Deoptimization events (0 events):
No events

Classes loaded (0 events):
No events

Classes unloaded (0 events):
No events

Classes redefined (0 events):
No events

Internal exceptions (0 events):
No events

ZGC Phase Switch (0 events):
No events

VM Operations (0 events):
No events

Events (0 events):
No events


Dynamic libraries:
0x00007ff7c6d00000 - 0x00007ff7c6d10000 	C:\Program Files\Java\jdk-21\bin\java.exe
0x00007ff8ab5a0000 - 0x00007ff8ab808000 	C:\WINDOWS\SYSTEM32\ntdll.dll
0x00007ff8aa2f0000 - 0x00007ff8aa3b9000 	C:\WINDOWS\System32\KERNEL32.DLL
0x00007ff8a8a20000 - 0x00007ff8a8e12000 	C:\WINDOWS\System32\KERNELBASE.dll
0x00007ff8a5420000 - 0x00007ff8a54bf000 	C:\WINDOWS\SYSTEM32\apphelp.dll
0x00007ff8a8720000 - 0x00007ff8a886b000 	C:\WINDOWS\System32\ucrtbase.dll
0x00007ff88b990000 - 0x00007ff88b9ab000 	C:\Program Files\Java\jdk-21\bin\VCRUNTIME140.dll
0x00007ff88b420000 - 0x00007ff88b439000 	C:\Program Files\Java\jdk-21\bin\jli.dll
0x00007ff8a9370000 - 0x00007ff8a9424000 	C:\WINDOWS\System32\ADVAPI32.dll
0x00007ff8aa240000 - 0x00007ff8aa2e9000 	C:\WINDOWS\System32\msvcrt.dll
0x00007ff8ab390000 - 0x00007ff8ab436000 	C:\WINDOWS\System32\sechost.dll
0x00007ff8aacb0000 - 0x00007ff8aadc8000 	C:\WINDOWS\System32\RPCRT4.dll
0x00007ff8a9d20000 - 0x00007ff8a9ee5000 	C:\WINDOWS\System32\USER32.dll
0x00007ff885bc0000 - 0x00007ff885e53000 	C:\WINDOWS\WinSxS\amd64_microsoft.windows.common-controls_6595b64144ccf1df_6.0.26100.6682_none_3e0e9e60e32ebb61\COMCTL32.dll
0x00007ff8a8870000 - 0x00007ff8a8897000 	C:\WINDOWS\System32\win32u.dll
0x00007ff8ab360000 - 0x00007ff8ab38b000 	C:\WINDOWS\System32\GDI32.dll
0x00007ff8a9230000 - 0x00007ff8a935d000 	C:\WINDOWS\System32\gdi32full.dll
0x00007ff8a8e20000 - 0x00007ff8a8ec3000 	C:\WINDOWS\System32\msvcp_win.dll
0x00007ff894870000 - 0x00007ff89487b000 	C:\WINDOWS\SYSTEM32\VERSION.dll
0x00007ff8a9ef0000 - 0x00007ff8a9f1f000 	C:\WINDOWS\System32\IMM32.DLL
0x00007ff88baa0000 - 0x00007ff88baac000 	C:\Program Files\Java\jdk-21\bin\vcruntime140_1.dll
0x00007ff853080000 - 0x00007ff85310e000 	C:\Program Files\Java\jdk-21\bin\msvcp140.dll
0x00007ff825e90000 - 0x00007ff826ba8000 	C:\Program Files\Java\jdk-21\bin\server\jvm.dll
0x00007ff8a9430000 - 0x00007ff8a94a4000 	C:\WINDOWS\System32\WS2_32.dll
0x00007ff8a8580000 - 0x00007ff8a85de000 	C:\WINDOWS\SYSTEM32\POWRPROF.dll
0x00007ff885e60000 - 0x00007ff885e95000 	C:\WINDOWS\SYSTEM32\WINMM.dll
0x00007ff8a8560000 - 0x00007ff8a8574000 	C:\WINDOWS\SYSTEM32\UMPDC.dll
0x00007ff8a74f0000 - 0x00007ff8a750b000 	C:\WINDOWS\SYSTEM32\kernel.appcore.dll
0x00007ff88b5d0000 - 0x00007ff88b5da000 	C:\Program Files\Java\jdk-21\bin\jimage.dll
0x00007ff8a5610000 - 0x00007ff8a5852000 	C:\WINDOWS\SYSTEM32\DBGHELP.DLL
0x00007ff8aadd0000 - 0x00007ff8ab14b000 	C:\WINDOWS\System32\combase.dll
0x00007ff8aa3c0000 - 0x00007ff8aa497000 	C:\WINDOWS\System32\OLEAUT32.dll
0x00007ff8705f0000 - 0x00007ff87062c000 	C:\WINDOWS\SYSTEM32\dbgcore.DLL
0x00007ff8a9190000 - 0x00007ff8a9228000 	C:\WINDOWS\System32\bcryptPrimitives.dll
0x00007ff884230000 - 0x00007ff88424f000 	C:\Program Files\Java\jdk-21\bin\java.dll

dbghelp: loaded successfully - version: 4.0.5 - missing functions: none
symbol engine: initialized successfully - sym options: 0x614 - pdb path: .;C:\Program Files\Java\jdk-21\bin;C:\WINDOWS\SYSTEM32;C:\WINDOWS\WinSxS\amd64_microsoft.windows.common-controls_6595b64144ccf1df_6.0.26100.6682_none_3e0e9e60e32ebb61;C:\Program Files\Java\jdk-21\bin\server

VM Arguments:
jvm_args: -Dclassworlds.conf=C:\apache-maven-3.9.9-bin\apache-maven-3.9.9\bin\m2.conf -Dmaven.home=C:\apache-maven-3.9.9-bin\apache-maven-3.9.9 -Dlibrary.jansi.path=C:\apache-maven-3.9.9-bin\apache-maven-3.9.9\lib\jansi-native -Dmaven.multiModuleProjectDirectory=C:\FPTU\FALL25\PRM392\Project\FandBAISpring 
java_command: org.codehaus.plexus.classworlds.launcher.Launcher -q -DskipTests clean package
java_class_path (initial): C:\apache-maven-3.9.9-bin\apache-maven-3.9.9\boot\plexus-classworlds-2.8.0.jar
Launcher Type: SUN_STANDARD

[Global flags]
     intx CICompilerCount                          = 4                                         {product} {ergonomic}
     uint ConcGCThreads                            = 2                                         {product} {ergonomic}
     uint G1ConcRefinementThreads                  = 8                                         {product} {ergonomic}
   size_t G1HeapRegionSize                         = 4194304                                   {product} {ergonomic}
    uintx GCDrainStackTargetSize                   = 64                                        {product} {ergonomic}
   size_t InitialHeapSize                          = 402653184                                 {product} {ergonomic}
   size_t MarkStackSize                            = 4194304                                   {product} {ergonomic}
   size_t MaxHeapSize                              = 6392119296                                {product} {ergonomic}
   size_t MinHeapDeltaBytes                        = 4194304                                   {product} {ergonomic}
   size_t MinHeapSize                              = 8388608                                   {product} {ergonomic}
    uintx NonNMethodCodeHeapSize                   = 5839372                                {pd product} {ergonomic}
    uintx NonProfiledCodeHeapSize                  = 122909434                              {pd product} {ergonomic}
    uintx ProfiledCodeHeapSize                     = 122909434                              {pd product} {ergonomic}
    uintx ReservedCodeCacheSize                    = 251658240                              {pd product} {ergonomic}
     bool SegmentedCodeCache                       = true                                      {product} {ergonomic}
   size_t SoftMaxHeapSize                          = 6392119296                             {manageable} {ergonomic}
     bool UseCompressedOops                        = true                           {product lp64_product} {ergonomic}
     bool UseG1GC                                  = true                                      {product} {ergonomic}
     bool UseLargePagesIndividualAllocation        = false                                  {pd product} {ergonomic}

Logging:
Log output configuration:
 #0: stdout all=warning uptime,level,tags foldmultilines=false
 #1: stderr all=off uptime,level,tags foldmultilines=false

Environment Variables:
PATH=C:\Program Files\PowerShell\7;c:\Users\phaml\AppData\Local\Programs\cursor\resources\app\bin;C:\Program Files\Common Files\Oracle\Java\javapath_target_4825531;C:\Python312\;C:\Program Files\Common Files\Oracle\Java\javapath;C:\Program Files (x86)\VMware\VMware Workstation\bin\;C:\WINDOWS\system32;C:\WINDOWS;C:\WINDOWS\System32\Wbem;C:\WINDOWS\System32\WindowsPowerShell\v1.0\;C:\WINDOWS\System32\OpenSSH\;C:\Program Files\dotnet\;C:\msys64\mingw64\bin;C:\Program Files\nodejs\;C:\ProgramData\chocolatey\bin;C:\Program Files (x86)\Microsoft SQL Server\160\DTS\Binn\;C:\Program Files\Azure Data Studio\bin;C:\Program Files (x86)\Microsoft SQL Server\160\Tools\Binn\;C:\Program Files\Microsoft SQL Server\160\Tools\Binn\;C:\Program Files\Microsoft SQL Server\Client SDK\ODBC\170\Tools\Binn\;C:\Program Files\Microsoft SQL Server\160\DTS\Binn\;C:\Program Files\Microsoft SQL Server\120\Tools\Binn\;C:\Program Files\Java\jdk-17\bin;C:\Python312\~cripts;C:\;C:\Program Files\MongoDB\Server\8.0\bin;C:\Users\phaml\Downloads\mongosh-2.3.8-win32-x64\mongosh-2.3.8-win32-x64\bin;C:\Users\phaml\AppData\Local\Programs\Python\Python313\Scripts;C:\Program Files\JetBrains\IntelliJ IDEA 2024.2.0.1\bin\idea64.exe;C:\apache-maven-3.9.9-bin\apache-maven-3.9.9\bin;C:\WINDOWS\system32;C:\WINDOWS;C:\WINDOWS\System32\Wbem;C:\WINDOWS\System32\WindowsPowerShell\v1.0\;C:\WINDOWS\System32\OpenSSH\;C:\Program Files\Git\cmd;C:\Program Files\PostgreSQL\17\bin;C:\Program Files\PowerShell\7\;C:\ffmpeg\bin;;C:\Program Files\Docker\Docker\resources\bin;C:\Program Files\cursor\resources\app\bin;C:\Users\phaml\AppData\Local\Microsoft\WindowsApps;C:\MinGW\bin;C:\Users\phaml\AppData\Roaming\npm;C:\Users\phaml\AppData\Local\Programs\Azure Data Studio\bin;C:\Program Files\JetBrains\IntelliJ IDEA 2024.2.0.1\bin;C:\Program Files\JetBrains\PyCharm 2024.1.1\bin;C:\Program Files\JetBrains\GoLand 2024.1.1\bin;C:\Users\phaml\AppData\Local\GitHubDesktop\bin;C:\Program Files\NetBeans-17\netbeans\java\gradle\bin;C:\Users\phaml\Downloads\gradle-8.10.1-bin\gradle\bin;C:\FALL24\apache-maven-3.9.9\bin;C:\Users\phaml\AppData\Local\Programs\mongosh\;C:\Users\phaml\AppData\Local\Microsoft\WinGet\Packages\Schniz.fnm_Microsoft.Winget.Source_8wekyb3d8bbwe;C:\Users\phaml\AppData\Local\Programs\cursor\resources\app\bin;C:\Users\phaml\AppData\Local\Programs\Microsoft VS Code\bin;C:\Program Files\JetBrains\CLion 2025.1.2\bin
USERNAME=phaml
TERM=dumb
OS=Windows_NT
PROCESSOR_IDENTIFIER=Intel64 Family 6 Model 140 Stepping 1, GenuineIntel
TMP=C:\Users\phaml\AppData\Local\Temp
TEMP=C:\Users\phaml\AppData\Local\Temp




Periodic native trim disabled

---------------  S Y S T E M  ---------------

OS:
 Windows 11 , 64 bit Build 26100 (10.0.26100.6690)
OS uptime: 4 days 19:40 hours
Hyper-V role detected

CPU: total 8 (initial active 8) (4 cores per cpu, 2 threads per core) family 6 model 140 stepping 1 microcode 0x8a, cx8, cmov, fxsr, ht, mmx, 3dnowpref, sse, sse2, sse3, ssse3, sse4.1, sse4.2, popcnt, lzcnt, tsc, tscinvbit, avx, avx2, aes, erms, clmul, bmi1, bmi2, adx, avx512f, avx512dq, avx512cd, avx512bw, avx512vl, sha, fma, vzeroupper, avx512_vpopcntdq, avx512_vpclmulqdq, avx512_vaes, avx512_vnni, clflush, clflushopt, clwb, avx512_vbmi2, avx512_vbmi, hv, rdtscp, rdpid, fsrm, gfni, avx512_bitalg, f16c, cet_ibt, cet_ss, avx512_ifma
Processor Information for all 8 processors :
  Max Mhz: 2419, Current Mhz: 2419, Mhz Limit: 2419

Memory: 4k page, system-wide physical 24375M (4898M free)
TotalPageFile size 32567M (AvailPageFile size 327M)
current process WorkingSet (physical memory assigned to process): 13M, peak: 13M
current process commit charge ("private bytes"): 60M, peak: 444M

vm_info: Java HotSpot(TM) 64-Bit Server VM (21.0.5+9-LTS-239) for windows-amd64 JRE (21.0.5+9-LTS-239), built on 2024-09-30T05:17:38Z by "mach5one" with MS VC++ 17.6 (VS2022)

END.
